1014
0 156 74
1 180 311
2 379 321
3 151 61
4 329 376
5 353 18
6 31 334
7 31 279
8 345 129
9 151 206
10 33 105
11 83 391
12 337 381
13 315 262
14 15 140
15 319 335
16 114 130
17 310 348
18 161 284
19 370 245
20 55 29
21 146 18
22 73 172
23 101 26
24 150 37
25 86 83
26 211 251
27 298 241
28 298 351
29 304 30
30 353 56
31 3 360
32 67 332
33 296 293
34 17 396
35 123 299
36 129 285
37 380 394
38 394 223
39 251 78
40 317 149
41 13 282
42 128 25
43 358 163
44 349 389
45 289 280
46 119 189
47 296 278
48 52 81
49 353 177
50 336 118
51 8 364
52 94 92
53 268 281
54 182 262
55 267 110
56 198 237
57 298 57
58 197 323
59 80 217
60 328 148
61 49 100
62 272 393
63 129 274
64 367 214
65 362 25
66 90 58
67 69 198
68 280 167
69 390 300
70 241 142
71 142 333
72 56 368
73 221 353
74 337 342
75 121 298
76 236 160
77 97 13
78 88 62
79 89 116
80 276 185
81 159 294
82 103 333
83 35 154
84 197 225
85 357 346
86 237 33
87 76 108
88 261 182
89 197 111
90 67 378
91 383 291
92 73 376
93 87 217
94 131 374
95 30 126
96 84 18
97 67 357
98 119 148
99 45 178
100 71 310
101 261 302
102 52 205
103 230 364
104 320 386
105 223 395
106 45 17
107 72 284
108 240 123
109 164 348
110 330 99
111 385 37
112 369 308
113 38 312
114 181 242
115 388 120
116 394 392
117 242 334
118 112 182
119 395 38
120 91 25
121 130 310
122 393 188
123 368 132
124 88 366
125 135 296
126 180 160
127 6 192
128 231 247
129 313 224
130 314 144
131 304 156
132 349 321
133 259 19
134 367 84
135 236 162
136 119 305
137 173 95
138 384 29
139 273 152
140 4 318
141 368 200
142 156 170
143 334 83
144 128 83
145 179 137
146 238 262
147 266 156
148 47 254
149 4 311
150 252 83
151 20 329
152 120 153
153 275 241
154 136 50
155 66 325
156 1 23
157 247 244
158 23 97
159 122 262
160 391 280
161 77 348
162 46 200
163 97 340
164 52 238
165 62 278
166 345 315
167 371 66
168 325 54
169 67 94
170 348 357
171 130 6
172 242 179
173 230 321
174 326 70
175 4 86
176 375 273
177 250 391
178 184 49
179 125 2
180 142 190
181 92 366
182 341 299
183 285 295
184 180 195
185 58 26
186 310 15
187 36 367
188 212 321
189 35 162
190 289 231
191 184 138
192 157 216
193 10 140
194 366 292
195 252 246
196 389 324
197 367 307
198 246 20
199 270 393
200 340 379
201 11 113
202 248 192
203 141 205
204 296 337
205 18 149
206 324 357
207 136 310
208 191 338
209 304 39
210 291 230
211 295 298
212 236 274
213 242 347
214 202 99
215 126 198
216 360 75
217 17 29
218 98 346
219 139 73
220 171 372
221 259 15
222 125 350
223 240 386
224 142 111
225 145 109
226 11 291
227 279 273
228 29 179
229 232 212
230 137 9
231 136 28
232 271 33
233 237 145
234 326 325
235 334 278
236 366 120
237 184 343
238 291 338
239 296 70
240 206 276
241 212 392
242 259 197
243 241 218
244 362 49
245 266 357
246 344 2
247 108 76
248 20 371
249 66 190
250 23 1
251 230 17
252 137 7
253 160 211
254 173 35
255 252 373
256 143 269
257 106 35
258 85 213
259 50 241
260 202 285
261 298 395
262 363 368
263 1 188
264 35 182
265 134 3
266 139 145
267 125 165
268 255 54
269 110 373
270 140 333
271 138 103
272 210 362
273 324 238
274 291 232
275 157 11
276 2 260
277 322 37
278 341 247
279 215 387
280 102 255
281 74 163
282 181 140
283 255 222
284 289 335
285 160 392
286 301 106
287 292 90
288 44 37
289 103 319
290 83 165
291 259 217
292 214 370
293 276 122
294 47 84
295 284 51
296 64 376
297 154 128
298 327 387
299 172 40
300 386 103
301 261 50
302 295 71
303 168 335
304 287 24
305 280 129
306 360 28
307 56 69
308 7 327
309 199 318
310 373 88
311 47 331
312 59 294
313 66 86
314 85 1
315 370 253
316 100 227
317 325 187
318 227 161
319 132 199
320 187 266
321 239 342
322 288 284
323 341 155
324 258 74
325 120 12
326 80 46
327 304 260
328 205 121
329 165 85
330 288 382
331 231 214
332 23 164
333 90 346
334 128 120
335 34 374
336 376 200
337 2 371
338 277 104
339 314 120
340 192 172
341 163 151
342 88 238
343 263 120
344 100 377
345 299 339
346 324 152
347 215 113
348 86 380
349 245 291
350 320 151
351 255 269
352 314 363
353 266 45
354 111 315
355 359 94
356 19 94
357 87 363
358 266 79
359 269 190
360 52 225
361 143 90
362 114 6
363 284 118
364 307 326
365 178 74
366 208 52
367 171 399
368 260 47
369 388 254
370 364 260
371 31 304
372 45 207
373 338 326
374 194 372
375 157 345
376 227 331
377 265 191
378 73 204
379 331 79
380 258 302
381 34 78
382 129 236
383 382 147
384 128 184
385 222 225
386 118 340
387 98 303
388 379 181
389 386 271
390 335 314
391 344 49
392 292 149
393 75 259
394 380 170
395 389 356
396 56 17
397 209 86
398 198 184
399 165 30
400 279 100
401 255 363
402 341 366
403 375 244
404 169 19
405 68 124
406 37 32
407 111 285
408 351 337
409 310 32
410 171 310
411 291 118
412 163 296
413 243 264
414 6 118
415 386 111
416 249 214
417 30 328
418 262 262
419 322 220
420 269 207
421 253 73
422 190 285
423 90 272
424 305 42
425 252 117
426 238 74
427 274 51
428 358 41
429 315 63
430 68 194
431 348 335
432 277 320
433 192 333
434 300 16
435 230 240
436 313 78
437 73 108
438 19 342
439 248 198
440 89 356
441 357 385
442 153 340
443 277 158
444 63 371
445 186 131
446 153 388
447 242 47
448 25 351
449 41 223
450 187 186
451 206 157
452 72 173
453 159 82
454 289 350
455 376 114
456 382 375
457 349 192
458 183 233
459 120 263
460 184 226
461 211 210
462 354 347
463 150 279
464 74 279
465 150 207
466 249 213
467 123 375
468 175 253
469 227 377
470 116 43
471 348 237
472 127 327
473 142 338
474 87 17
475 204 328
476 382 13
477 153 258
478 203 185
479 388 0
480 378 312
481 362 130
482 278 231
483 286 92
484 375 349
485 66 290
486 340 97
487 96 10
488 42 162
489 52 142
490 168 369
491 55 303
492 338 342
493 37 163
494 294 382
495 174 223
496 126 340
497 129 246
498 156 169
499 218 84
500 142 124
501 375 317
502 116 194
503 68 81
504 252 388
505 58 113
506 61 17
507 181 336
508 365 232
509 298 116
510 177 147
511 307 216
512 266 303
513 86 398
514 351 355
515 267 121
516 136 187
517 223 80
518 264 80
519 258 374
520 57 353
521 336 151
522 168 316
523 361 107
524 69 368
525 359 393
526 88 214
527 356 229
528 49 286
529 292 204
530 117 139
531 82 176
532 93 147
533 54 376
534 174 14
535 146 328
536 228 192
537 270 212
538 293 375
539 161 160
540 27 241
541 293 360
542 116 80
543 74 48
544 139 129
545 238 3
546 190 104
547 98 269
548 213 207
549 205 141
550 196 43
551 141 88
552 342 97
553 335 90
554 130 189
555 122 196
556 132 112
557 51 30
558 137 22
559 390 305
560 74 194
561 366 290
562 96 392
563 177 362
564 15 319
565 275 380
566 290 120
567 42 146
568 87 95
569 19 154
570 75 151
571 92 199
572 316 251
573 265 97
574 31 394
575 13 93
576 105 398
577 83 397
578 196 38
579 33 318
580 94 156
581 132 125
582 166 380
583 221 42
584 264 261
585 170 117
586 257 137
587 319 275
588 76 195
589 105 80
590 102 243
591 59 138
592 203 280
593 71 10
594 275 248
595 95 384
596 394 306
597 158 370
598 34 241
599 48 363
600 28 116
601 32 264
602 63 16
603 255 359
604 252 43
605 318 349
606 358 66
607 276 119
608 71 148
609 363 32
610 283 37
611 49 235
612 367 18
613 234 344
614 364 180
615 143 377
616 158 68
617 264 109
618 191 236
619 270 233
620 61 283
621 221 203
622 166 226
623 338 255
624 252 15
625 107 86
626 169 155
627 349 2
628 173 252
629 38 84
630 323 139
631 57 108
632 111 367
633 288 336
634 397 34
635 393 93
636 233 122
637 253 43
638 94 385
639 30 382
640 170 45
641 100 99
642 100 142
643 337 201
644 35 280
645 259 101
646 199 267
647 86 368
648 318 83
649 309 154
650 342 296
651 105 88
652 174 396
653 289 119
654 134 214
655 194 57
656 128 16
657 251 178
658 87 315
659 365 71
660 267 22
661 55 100
662 250 328
663 5 99
664 285 5
665 192 275
666 161 200
667 148 391
668 106 26
669 336 133
670 7 60
671 399 51
672 242 376
673 168 319
674 175 223
675 318 22
676 227 190
677 35 60
678 24 286
679 251 232
680 305 321
681 202 347
682 314 353
683 263 17
684 372 135
685 224 280
686 362 311
687 383 129
688 114 198
689 104 348
690 44 343
691 288 6
692 145 49
693 264 148
694 126 145
695 297 332
696 97 192
697 222 134
698 39 344
699 174 212
700 260 163
701 342 89
702 259 387
703 363 126
704 368 282
705 82 40
706 341 83
707 130 350
708 392 276
709 135 268
710 70 285
711 267 91
712 264 191
713 144 365
714 243 352
715 137 371
716 172 46
717 28 53
718 356 140
719 395 347
720 56 161
721 360 229
722 253 306
723 158 368
724 72 327
725 197 132
726 206 252
727 246 73
728 361 338
729 28 72
730 240 341
731 394 319
732 186 83
733 129 217
734 362 369
735 64 123
736 258 248
737 268 304
738 261 9
739 387 361
740 300 118
741 379 35
742 244 264
743 171 128
744 80 342
745 130 364
746 51 181
747 112 189
748 107 296
749 162 18
750 228 115
751 32 366
752 377 121
753 374 348
754 162 152
755 282 119
756 222 142
757 374 203
758 17 224
759 389 321
760 359 313
761 345 53
762 143 268
763 148 291
764 208 102
765 353 189
766 360 8
767 251 29
768 232 35
769 86 191
770 239 55
771 178 87
772 356 101
773 188 55
774 29 395
775 235 372
776 286 258
777 110 194
778 31 366
779 94 264
780 49 127
781 110 378
782 121 354
783 235 11
784 318 73
785 276 7
786 333 300
787 345 389
788 306 381
789 67 287
790 129 239
791 377 250
792 335 12
793 221 139
794 24 216
795 218 392
796 330 395
797 241 361
798 363 398
799 241 330
800 398 106
801 107 152
802 168 140
803 233 362
804 239 196
805 352 165
806 230 57
807 11 50
808 367 355
809 293 311
810 161 345
811 197 25
812 40 0
813 124 136
814 306 331
815 175 94
816 313 15
817 217 234
818 321 18
819 25 309
820 87 204
821 347 98
822 56 157
823 282 298
824 175 372
825 200 381
826 3 102
827 172 183
828 255 232
829 348 318
830 244 155
831 120 188
832 101 208
833 331 312
834 274 227
835 184 363
836 386 244
837 373 167
838 390 245
839 8 317
840 327 95
841 232 184
842 372 72
843 5 292
844 38 124
845 285 310
846 366 141
847 80 176
848 204 171
849 159 34
850 107 36
851 310 161
852 264 204
853 320 174
854 313 341
855 328 356
856 138 258
857 26 218
858 265 259
859 166 11
860 252 47
861 167 254
862 105 79
863 362 15
864 334 132
865 200 104
866 342 118
867 36 296
868 110 198
869 330 111
870 205 195
871 356 390
872 97 325
873 96 16
874 209 229
875 202 287
876 104 58
877 65 385
878 119 234
879 11 109
880 142 71
881 208 178
882 327 89
883 325 392
884 95 61
885 30 285
886 295 213
887 338 15
888 29 236
889 323 138
890 121 177
891 7 74
892 210 263
893 282 47
894 378 21
895 157 351
896 114 140
897 309 258
898 309 331
899 236 362
900 239 258
901 372 13
902 64 42
903 12 38
904 144 345
905 281 394
906 7 265
907 198 162
908 261 257
909 17 100
910 183 399
911 366 96
912 307 85
913 90 192
914 228 157
915 63 394
916 198 301
917 2 273
918 49 259
919 90 194
920 82 48
921 335 231
922 70 198
923 322 388
924 249 293
925 170 70
926 203 216
927 105 367
928 231 290
929 242 76
930 0 214
931 201 19
932 364 107
933 303 396
934 70 124
935 202 56
936 281 315
937 248 136
938 221 341
939 235 75
940 350 226
941 236 222
942 3 345
943 63 39
944 245 37
945 254 57
946 333 321
947 195 141
948 30 14
949 261 375
950 145 188
951 263 54
952 58 313
953 125 330
954 215 348
955 40 110
956 221 75
957 187 141
958 283 96
959 37 60
960 215 23
961 32 91
962 71 254
963 263 279
964 1 54
965 52 387
966 323 71
967 20 141
968 226 127
969 84 32
970 320 46
971 98 261
972 120 185
973 198 120
974 398 304
975 136 210
976 271 81
977 339 51
978 315 319
979 274 174
980 150 127
981 1 301
982 310 150
983 183 185
984 156 288
985 362 109
986 250 93
987 74 131
988 61 214
989 141 257
990 233 298
991 315 385
992 348 71
993 388 171
994 229 129
995 59 12
996 138 257
997 369 398
998 389 241
999 354 307
1000 224 282
1001 334 30
1002 329 207
1003 221 179
1004 207 212
1005 365 63
1006 272 337
1007 116 233
1008 218 62
1009 260 394
1010 10 359
1011 127 150
1012 284 180
1013 102 311
