1123
0 859 553
1 351 75
2 27 243
3 701 476
4 604 243
5 1115 257
6 605 822
7 785 191
8 28 565
9 412 37
10 62 167
11 994 423
12 32 699
13 491 182
14 567 1130
15 166 155
16 823 22
17 723 683
18 24 282
19 1021 1143
20 525 1160
21 803 1063
22 981 805
23 951 649
24 972 234
25 700 476
26 295 761
27 261 978
28 568 393
29 1174 362
30 806 28
31 967 653
32 763 355
33 852 350
34 689 16
35 387 394
36 770 358
37 243 220
38 152 705
39 866 1047
40 674 603
41 94 414
42 973 847
43 459 172
44 524 181
45 821 192
46 989 835
47 1131 1120
48 147 428
49 13 743
50 70 64
51 397 466
52 1023 1154
53 489 739
54 222 214
55 562 392
56 814 491
57 388 483
58 304 754
59 794 1156
60 423 460
61 148 443
62 251 1175
63 298 906
64 106 734
65 780 560
66 3 625
67 1164 107
68 275 1193
69 1121 860
70 820 824
71 409 877
72 948 604
73 70 54
74 74 1190
75 502 934
76 613 950
77 528 700
78 28 952
79 147 68
80 543 497
81 992 263
82 398 299
83 1132 1099
84 714 1142
85 22 944
86 318 925
87 1116 620
88 1109 636
89 846 356
90 937 435
91 629 552
92 609 811
93 1135 1115
94 607 800
95 249 981
96 721 708
97 519 399
98 1172 378
99 1042 825
100 956 142
101 260 997
102 859 1038
103 575 403
104 60 837
105 1168 770
106 848 353
107 92 46
108 106 764
109 692 39
110 510 763
111 300 289
112 462 1050
113 882 913
114 418 434
115 300 1068
116 119 938
117 971 122
118 1112 644
119 235 212
120 402 361
121 830 1133
122 161 150
123 649 818
124 409 264
125 404 291
126 0 586
127 592 777
128 316 295
129 1187 1038
130 426 415
131 815 1057
132 1193 160
133 168 263
134 408 607
135 1133 868
136 374 432
137 29 717
138 773 566
139 521 146
140 785 1132
141 445 182
142 443 894
143 995 804
144 802 841
145 13 690
146 1116 262
147 44 305
148 614 580
149 790 558
150 39 847
151 251 990
152 687 1008
153 967 986
154 1100 639
155 98 322
156 311 1117
157 1169 345
158 532 190
159 514 131
160 832 425
161 656 1184
162 59 600
163 15 240
164 154 1151
165 1113 1115
166 1016 439
167 1117 1096
168 70 844
169 320 1064
170 147 1194
171 625 256
172 542 489
173 641 138
174 1070 70
175 393 381
176 1001 992
177 163 1051
178 78 136
179 399 498
180 333 47
181 283 1073
182 660 1199
183 700 1153
184 1134 274
185 840 1137
186 817 226
187 1098 1101
188 137 1143
189 457 1033
190 1013 1143
191 915 149
192 457 127
193 648 795
194 242 212
195 397 585
196 961 610
197 62 163
198 80 137
199 416 297
200 861 1023
201 810 1153
202 388 548
203 853 555
204 50 308
205 678 1177
206 667 1155
207 446 32
208 228 79
209 66 161
210 563 499
211 182 87
212 301 309
213 329 302
214 4 265
215 299 1082
216 863 556
217 593 951
218 207 487
219 244 214
220 853 360
221 499 286
222 826 181
223 17 279
224 575 400
225 495 939
226 879 1049
227 268 530
228 108 1193
229 19 725
230 408 891
231 417 3
232 794 585
233 991 812
234 23 843
235 196 516
236 301 54
237 121 311
238 930 401
239 243 1177
240 251 664
241 433 867
242 136 421
243 984 834
244 630 614
245 961 233
246 973 100
247 963 956
248 1024 1055
249 719 1037
250 608 943
251 796 467
252 174 1053
253 787 588
254 1101 644
255 596 808
256 1186 716
257 472 1034
258 602 796
259 1161 755
260 407 22
261 234 204
262 1106 889
263 501 391
264 813 36
265 287 758
266 868 350
267 79 842
268 989 805
269 934 11
270 1091 955
271 482 944
272 974 264
273 942 393
274 1001 219
275 1093 934
276 965 27
277 602 929
278 170 266
279 1122 846
280 100 917
281 151 92
282 210 768
283 72 43
284 87 1125
285 20 735
286 1168 732
287 501 937
288 155 1195
289 521 391
290 297 816
291 1121 1104
292 377 607
293 790 556
294 80 167
295 437 876
296 280 649
297 556 399
298 113 313
299 719 1040
300 609 952
301 658 1161
302 80 49
303 8 699
304 123 917
305 883 916
306 325 313
307 727 710
308 1096 642
309 791 184
310 803 1088
311 500 293
312 522 724
313 606 818
314 142 1156
315 328 112
316 583 398
317 384 382
318 845 555
319 328 1091
320 977 258
321 82 415
322 486 302
323 827 194
324 376 401
325 1058 57
326 24 275
327 26 950
328 218 540
329 703 18
330 512 249
331 107 34
332 969 248
333 1176 1068
334 77 164
335 438 873
336 146 438
337 1002 416
338 392 470
339 1105 645
340 826 428
341 339 292
342 813 1066
343 1019 1064
344 162 147
345 140 430
346 229 1162
347 890 912
348 657 1134
349 619 946
350 770 351
351 712 19
352 214 520
353 1029 1058
354 80 406
355 1007 1181
356 30 539
357 589 925
358 158 1124
359 787 803
360 1020 1172
361 846 491
362 1188 121
363 663 584
364 678 44
365 1037 79
366 927 6
367 1120 870
368 177 163
369 988 841
370 1023 1064
371 307 283
372 1053 809
373 957 252
374 831 222
375 1136 1085
376 671 34
377 802 833
378 609 246
379 227 687
380 771 592
381 406 589
382 1180 351
383 250 644
384 380 601
385 511 297
386 675 583
387 826 441
388 1036 91
389 547 1166
390 494 934
391 455 667
392 56 605
393 11 632
394 267 1008
395 986 384
396 124 715
397 1106 857
398 560 1155
399 976 121
400 249 980
401 796 817
402 1034 1171
403 1115 1114
404 107 74
405 236 218
406 957 259
407 127 911
408 228 100
409 933 130
410 387 514
411 18 956
412 395 624
413 845 349
414 1023 381
415 50 840
416 592 1055
417 396 275
418 1109 937
419 1116 928
420 584 390
421 398 519
422 264 1162
423 941 27
424 5 254
425 894 1033
426 823 822
427 673 23
428 1042 1177
429 303 917
430 479 124
431 834 868
432 60 826
433 991 965
434 767 590
435 268 548
436 11 696
437 106 46
438 390 279
439 894 1026
440 111 306
441 572 392
442 844 355
443 480 140
444 155 1043
445 1092 848
446 348 924
447 510 721
448 762 326
449 888 1019
450 487 941
451 977 802
452 444 680
453 963 403
454 306 881
455 281 1180
456 154 1036
457 584 1053
458 1002 264
459 233 1163
460 981 798
461 90 1137
462 1049 80
463 236 545
464 985 626
465 1103 861
466 818 1155
467 1050 823
468 77 415
469 1133 1104
470 520 380
471 92 49
472 387 490
473 994 793
474 849 351
475 1170 714
476 604 935
477 247 461
478 1002 250
479 117 746
480 415 546
481 862 552
482 156 146
483 510 126
484 324 83
485 140 583
486 424 370
487 166 1037
488 1168 185
489 160 269
490 516 387
491 1106 928
492 33 740
493 106 924
494 500 727
495 1110 257
496 785 355
497 787 575
498 104 924
499 1130 1117
500 767 337
501 74 403
502 600 918
503 259 979
504 434 873
505 57 612
506 947 148
507 158 173
508 221 531
509 927 145
510 1113 266
511 1117 874
512 546 1154
513 681 1149
514 1017 1066
515 379 624
516 613 926
517 527 1146
518 1005 1176
519 28 293
520 625 254
521 760 326
522 874 1042
523 495 396
524 595 244
525 1080 53
526 67 625
527 137 913
528 1164 753
529 794 176
530 934 605
531 176 16
532 307 304
533 240 1167
534 487 934
535 1023 1157
536 1052 57
537 142 442
538 527 164
539 3 952
540 459 1031
541 310 1094
542 608 816
543 793 566
544 488 141
545 764 335
546 295 910
547 277 1115
548 433 1076
549 600 956
550 277 1199
551 44 853
552 414 864
553 248 776
554 419 286
555 786 1154
556 778 565
557 231 224
558 127 313
559 354 371
560 771 576
561 1178 1062
562 960 216
563 498 248
564 274 1167
565 225 461
566 810 1095
567 866 350
568 39 846
569 673 163
570 164 271
571 7 626
572 699 694
573 37 615
574 473 14
575 804 1166
576 413 269
577 360 94
578 995 257
579 20 714
580 776 582
581 378 613
582 816 30
583 148 419
584 4 716
585 902 908
586 271 477
587 285 1108
588 635 153
589 93 318
590 727 677
591 496 138
592 1029 1152
593 17 582
594 225 638
595 136 1165
596 1114 943
597 657 1123
598 75 1139
599 1175 368
600 130 1130
601 442 1061
602 1116 635
603 459 534
604 720 688
605 847 555
606 1097 621
607 715 699
608 243 208
609 1040 815
610 75 145
611 1134 1097
612 306 290
613 569 392
614 98 756
615 546 1135
616 232 80
617 992 235
618 769 837
619 964 665
620 848 357
621 805 804
622 429 1025
623 590 802
624 98 294
625 559 494
626 946 10
627 686 1030
628 830 807
629 768 341
630 202 80
631 16 302
632 1126 1089
633 599 946
634 778 573
635 985 949
636 689 704
637 26 261
638 166 157
639 609 945
640 1111 1103
641 998 242
642 141 421
643 606 954
644 414 895
645 45 167
646 856 551
647 1185 1032
648 678 133
649 568 505
650 700 684
651 259 660
652 1001 231
653 492 947
654 440 466
655 623 823
656 330 1115
657 772 333
658 1125 854
659 353 81
660 686 591
661 819 441
662 859 559
663 841 488
664 37 583
665 1124 633
666 13 939
667 972 160
668 12 615
669 114 933
670 160 1038
671 171 1044
672 182 1043
673 116 321
674 983 610
675 788 558
676 725 1144
677 126 306
678 898 900
679 98 311
680 1043 471
681 1001 420
682 421 51
683 987 836
684 680 5
685 621 267
686 1105 959
687 674 1033
688 709 671
689 91 49
690 971 989
691 11 621
692 493 705
693 672 1130
694 312 281
695 1012 405
696 1163 124
697 783 839
698 673 1028
699 404 399
700 953 8
701 342 319
702 230 788
703 934 625
704 214 791
705 283 645
706 1040 822
707 820 1090
708 586 819
709 825 211
710 942 0
711 330 1064
712 332 119
713 139 422
714 781 348
715 334 879
716 500 733
717 690 551
718 619 793
719 1152 763
720 791 494
721 938 20
722 670 1191
723 791 208
724 184 164
725 500 403
726 149 1110
727 673 1041
728 18 725
729 979 413
730 930 150
731 41 863
732 798 183
733 1067 68
734 23 611
735 732 681
736 34 845
737 527 207
738 24 553
739 661 146
740 301 52
741 1095 939
742 128 930
743 1108 1088
744 1167 1068
745 707 465
746 710 1036
747 951 603
748 433 536
749 143 32
750 411 280
751 410 528
752 791 851
753 605 250
754 803 1095
755 590 1049
756 545 497
757 151 422
758 764 350
759 818 1059
760 716 693
761 372 359
762 476 192
763 697 686
764 27 550
765 6 721
766 808 807
767 5 684
768 789 579
769 776 352
770 263 1007
771 613 945
772 458 506
773 966 645
774 68 820
775 407 589
776 996 235
777 982 209
778 803 868
779 298 633
780 323 908
781 438 38
782 1126 1110
783 636 1154
784 321 318
785 676 47
786 153 435
787 483 214
788 892 1034
789 1017 1060
790 259 984
791 469 302
792 885 906
793 969 140
794 1130 255
795 241 984
796 1093 862
797 1130 1087
798 436 1046
799 604 942
800 709 31
801 706 678
802 1030 1152
803 725 669
804 718 1047
805 136 1175
806 964 812
807 772 566
808 1036 811
809 1186 466
810 770 331
811 92 300
812 216 499
813 834 860
814 963 822
815 790 1157
816 1090 941
817 567 498
818 1098 894
819 769 564
820 288 94
821 1085 880
822 611 252
823 629 621
824 598 1038
825 3 254
826 376 620
827 1027 380
828 807 1163
829 832 844
830 792 579
831 1094 951
832 380 288
833 497 401
834 75 153
835 823 838
836 624 246
837 1136 1099
838 492 281
839 790 353
840 595 834
841 255 779
842 630 623
843 419 870
844 454 472
845 724 37
846 382 372
847 251 739
848 898 1021
849 954 995
850 447 182
851 1009 831
852 410 55
853 1145 187
854 383 624
855 1026 420
856 1084 846
857 791 1056
858 324 320
859 1032 1063
860 400 608
861 495 380
862 450 134
863 1196 489
864 1076 69
865 198 33
866 1104 883
867 543 492
868 848 347
869 1174 1077
870 800 561
871 689 554
872 235 832
873 801 181
874 1014 1063
875 1037 816
876 437 494
877 1125 259
878 111 1150
879 241 755
880 1019 463
881 779 345
882 789 424
883 996 244
884 808 1179
885 1118 867
886 485 1068
887 40 738
888 1137 725
889 92 297
890 571 388
891 424 46
892 426 274
893 816 1154
894 706 1014
895 818 1091
896 100 754
897 555 502
898 478 255
899 382 281
900 597 1052
901 796 556
902 228 211
903 827 1163
904 1048 810
905 595 261
906 134 1147
907 328 1060
908 504 756
909 924 22
910 1111 1085
911 400 590
912 265 1005
913 321 278
914 143 925
915 390 293
916 308 302
917 1034 1063
918 1113 1086
919 296 781
920 480 723
921 1010 822
922 559 1146
923 73 158
924 437 679
925 12 316
926 1116 633
927 1088 886
928 500 396
929 921 110
930 846 550
931 505 147
932 268 1171
933 1093 890
934 978 985
935 59 829
936 347 72
937 514 297
938 31 267
939 496 148
940 995 607
941 818 223
942 1019 401
943 182 66
944 156 64
945 1184 355
946 11 287
947 1070 68
948 1101 886
949 428 406
950 917 128
951 386 584
952 402 597
953 86 168
954 833 859
955 972 628
956 1196 380
957 966 623
958 135 586
959 957 124
960 899 912
961 550 494
962 798 572
963 214 92
964 362 363
965 147 434
966 483 287
967 464 749
968 1059 74
969 295 873
970 1027 439
971 1056 73
972 120 761
973 76 69
974 126 323
975 124 948
976 61 148
977 814 1140
978 817 1135
979 808 1055
980 213 765
981 777 584
982 101 67
983 928 108
984 970 968
985 137 572
986 136 570
987 13 259
988 142 586
989 415 886
990 546 508
991 238 686
992 1136 1101
993 680 183
994 620 830
995 979 970
996 463 500
997 217 35
998 1049 806
999 179 281
1000 584 1050
1001 161 1047
1002 852 368
1003 1198 362
1004 164 283
1005 791 816
1006 261 984
1007 119 1146
1008 653 798
1009 483 946
1010 594 255
1011 720 1124
1012 271 506
1013 340 1079
1014 974 819
1015 786 333
1016 688 1024
1017 297 1052
1018 568 1161
1019 1022 1061
1020 420 889
1021 1119 285
1022 963 967
1023 521 122
1024 261 671
1025 353 59
1026 596 767
1027 944 633
1028 688 711
1029 1189 477
1030 489 299
1031 7 584
1032 502 696
1033 804 24
1034 402 594
1035 326 47
1036 762 580
1037 417 879
1038 393 360
1039 141 422
1040 719 670
1041 1114 874
1042 783 491
1043 1158 107
1044 679 1015
1045 1198 751
1046 972 852
1047 322 305
1048 809 850
1049 734 701
1050 631 168
1051 637 540
1052 770 341
1053 1017 1063
1054 980 210
1055 324 292
1056 789 423
1057 252 555
1058 130 299
1059 342 904
1060 790 1176
1061 421 278
1062 816 25
1063 519 181
1064 412 401
1065 482 936
1066 167 280
1067 713 31
1068 793 226
1069 1161 185
1070 344 913
1071 791 450
1072 400 11
1073 1138 184
1074 118 302
1075 35 827
1076 603 928
1077 678 1142
1078 1100 1120
1079 848 361
1080 964 649
1081 931 93
1082 448 485
1083 84 157
1084 516 388
1085 135 758
1086 325 308
1087 173 24
1088 109 732
1089 81 139
1090 281 1075
1091 162 157
1092 1038 87
1093 230 754
1094 1114 615
1095 516 270
1096 255 648
1097 891 890
1098 1043 809
1099 312 300
1100 105 930
1101 814 838
1102 335 305
1103 293 1103
1104 976 660
1105 73 405
1106 587 1040
1107 1162 747
1108 331 292
1109 782 1068
1110 738 1124
1111 1066 60
1112 784 560
1113 546 1137
1114 712 465
1115 409 10
1116 562 1160
1117 586 1038
1118 441 140
1119 325 319
1120 1113 644
1121 1034 823
1122 242 207
