6257
0 385 670
1 1409 1096
2 807 1298
3 707 189
4 1676 650
5 84 1390
6 224 1918
7 504 1454
8 669 343
9 252 1436
10 1330 519
11 588 1413
12 453 1908
13 1760 146
14 1222 107
15 1464 1366
16 1165 656
17 1876 784
18 371 1535
19 181 1033
20 225 1638
21 127 1889
22 1681 53
23 1190 992
24 964 1273
25 1164 105
26 1816 452
27 401 1982
28 278 1607
29 849 996
30 748 1068
31 1177 1520
32 470 1780
33 637 74
34 1231 948
35 1724 1972
36 756 1292
37 1683 1664
38 1166 432
39 191 241
40 407 1456
41 413 576
42 1015 795
43 564 142
44 1081 479
45 1055 397
46 1081 540
47 447 1422
48 1163 1366
49 1737 1264
50 914 496
51 832 311
52 485 1955
53 1924 1766
54 1463 581
55 361 1297
56 1368 810
57 701 1063
58 527 1142
59 1818 541
60 552 1687
61 1572 1563
62 277 156
63 829 168
64 367 1637
65 1973 1345
66 1662 1539
67 356 1796
68 1606 293
69 294 15
70 406 761
71 1430 1241
72 1186 159
73 1370 537
74 1281 705
75 237 131
76 715 571
77 612 904
78 935 818
79 1905 1575
80 451 283
81 403 1951
82 1876 1560
83 1433 442
84 1484 1053
85 1314 654
86 41 1655
87 1386 1162
88 1431 207
89 1739 1611
90 600 1440
91 685 777
92 1165 133
93 350 288
94 199 419
95 1514 159
96 1011 693
97 1148 173
98 1959 607
99 1242 1039
100 1035 1263
101 729 31
102 1430 1638
103 1973 1140
104 1988 1678
105 1918 551
106 1242 468
107 1919 859
108 1807 293
109 1901 1135
110 490 1827
111 579 1174
112 1271 749
113 1153 1075
114 1452 653
115 1723 1468
116 128 378
117 571 128
118 1438 255
119 1054 561
120 1725 610
121 509 625
122 464 1679
123 264 1562
124 78 1718
125 1976 491
126 1209 1216
127 390 1514
128 1221 566
129 1011 549
130 1516 77
131 1511 173
132 1936 617
133 566 119
134 491 8
135 1312 995
136 1351 1608
137 1785 1550
138 1539 1514
139 1802 671
140 1147 1403
141 1037 937
142 1371 559
143 1904 1363
144 1909 511
145 198 517
146 702 787
147 1307 553
148 1748 1194
149 313 1694
150 480 256
151 619 1195
152 1207 956
153 1126 992
154 1366 721
155 454 949
156 1998 1975
157 867 1164
158 622 1993
159 1040 970
160 1423 1185
161 180 1987
162 1195 811
163 1336 1529
164 1951 1311
165 418 629
166 1219 906
167 1396 335
168 420 1340
169 1311 883
170 1971 193
171 777 1437
172 212 1965
173 432 1283
174 1560 1361
175 1305 1321
176 1274 1008
177 1125 1265
178 251 354
179 855 37
180 625 1575
181 1649 620
182 1352 454
183 20 523
184 130 1736
185 1723 1733
186 1940 970
187 1829 1743
188 1155 587
189 361 949
190 179 80
191 1826 1619
192 1958 321
193 426 1707
194 1239 1509
195 1540 1565
196 1234 982
197 162 208
198 689 828
199 222 351
200 1753 1319
201 890 767
202 1403 1293
203 924 806
204 1319 912
205 1774 46
206 1367 1391
207 819 1126
208 629 1106
209 61 1824
210 288 1495
211 1258 958
212 1461 245
213 1842 200
214 500 1453
215 1132 658
216 1556 350
217 1381 718
218 1510 1177
219 1894 1967
220 1901 1631
221 1923 1238
222 982 890
223 1686 1440
224 45 1938
225 396 130
226 602 1456
227 113 271
228 1914 287
229 231 1944
230 1838 852
231 1050 1089
232 1001 246
233 975 1152
234 452 318
235 1283 504
236 611 281
237 1526 547
238 1616 1461
239 1290 697
240 333 1557
241 706 1838
242 1007 248
243 1481 756
244 1682 1557
245 912 1196
246 1912 547
247 981 1168
248 1478 977
249 1822 1237
250 1935 243
251 779 964
252 639 1000
253 38 1853
254 1300 664
255 1020 1263
256 890 1095
257 1945 1830
258 1221 1106
259 1025 856
260 1449 1474
261 1078 1199
262 1002 633
263 276 38
264 347 560
265 588 1281
266 1036 1001
267 1819 18
268 215 1834
269 1202 668
270 590 1822
271 384 199
272 1999 1505
273 1490 1660
274 1496 288
275 271 75
276 1252 689
277 1888 672
278 165 1886
279 57 1484
280 200 1512
281 1506 1321
282 532 21
283 891 529
284 1948 411
285 91 1627
286 931 297
287 1883 431
288 1736 1701
289 745 192
290 1674 667
291 751 421
292 1596 1525
293 1391 714
294 1274 693
295 1518 445
296 181 1777
297 1726 235
298 828 1392
299 1052 853
300 1397 353
301 1342 348
302 1554 1363
303 1498 793
304 376 1028
305 610 13
306 1389 600
307 1328 1318
308 1966 305
309 720 602
310 1852 1484
311 1542 1576
312 1868 1288
313 1500 710
314 1368 1249
315 372 1757
316 236 392
317 1181 956
318 1707 1932
319 667 1053
320 469 918
321 1704 1161
322 577 1389
323 371 41
324 351 272
325 887 1155
326 1034 6
327 1702 56
328 1914 1700
329 249 1857
330 1515 189
331 1545 132
332 1016 712
333 1062 583
334 1621 634
335 415 1563
336 1952 1015
337 1577 392
338 619 1431
339 56 74
340 435 1834
341 298 99
342 1089 1423
343 1066 1290
344 1719 439
345 1099 1170
346 749 1281
347 1045 885
348 755 865
349 1578 557
350 1814 768
351 1294 705
352 1792 1585
353 1418 477
354 268 1790
355 976 1002
356 1265 1270
357 1952 1969
358 1392 537
359 217 1805
360 1461 533
361 542 162
362 1402 1492
363 625 1722
364 1685 842
365 1370 820
366 851 1009
367 1715 1404
368 1545 402
369 1258 676
370 468 77
371 1904 1271
372 1921 451
373 1555 1405
374 155 1769
375 1331 633
376 575 584
377 1164 1055
378 500 1983
379 923 1166
380 176 1780
381 1157 1240
382 1349 249
383 1584 119
384 696 545
385 1328 712
386 1186 249
387 204 1969
388 635 1182
389 1975 616
390 1035 893
391 771 1114
392 1677 1912
393 1739 1247
394 512 203
395 538 1710
396 1818 1293
397 1382 1411
398 1889 604
399 582 472
400 1835 463
401 749 1041
402 143 393
403 1019 940
404 1119 1294
405 895 1056
406 1355 687
407 1440 1507
408 1229 796
409 1620 104
410 819 183
411 1375 1399
412 1497 510
413 428 238
414 927 1060
415 1482 65
416 633 77
417 1457 802
418 1776 758
419 798 461
420 619 1278
421 899 1392
422 709 1197
423 1949 1979
424 1779 271
425 1906 1602
426 1059 733
427 1975 548
428 246 206
429 978 1569
430 679 1475
431 727 1303
432 433 90
433 536 841
434 1312 1261
435 1213 1015
436 512 739
437 1860 1436
438 276 319
439 1762 256
440 860 1065
441 587 62
442 1338 1194
443 1248 1297
444 474 282
445 1570 763
446 1228 1019
447 549 267
448 1341 658
449 1612 1243
450 1318 788
451 869 1297
452 249 1617
453 4 310
454 1071 922
455 1215 1183
456 1489 767
457 645 50
458 1575 694
459 401 41
460 560 1953
461 1211 853
462 1760 204
463 864 880
464 88 1753
465 841 1082
466 1198 523
467 1582 1066
468 233 484
469 824 1269
470 1224 1230
471 836 1096
472 1613 1265
473 1025 1274
474 398 104
475 478 1880
476 1039 1177
477 1601 1700
478 1696 945
479 792 226
480 1829 410
481 221 1517
482 250 142
483 1683 156
484 1652 219
485 1780 558
486 492 1849
487 1183 1360
488 1625 494
489 1395 941
490 1026 1208
491 1795 1221
492 685 142
493 719 1051
494 1669 1665
495 1101 45
496 1078 659
497 1092 638
498 91 160
499 1995 1603
500 1592 1052
501 1784 112
502 399 1447
503 1193 1447
504 29 1575
505 1703 350
506 1766 1845
507 1523 1252
508 1782 1755
509 1814 246
510 849 92
511 329 131
512 1890 53
513 462 1404
514 1524 441
515 1561 630
516 604 1290
517 140 166
518 1140 1123
519 1916 521
520 1930 579
521 1307 920
522 1411 713
523 530 341
524 1298 1008
525 1868 1198
526 1018 1275
527 220 1702
528 1508 490
529 163 1671
530 1205 631
531 1677 1013
532 1252 1140
533 755 434
534 1074 146
535 1305 978
536 1476 1082
537 867 1172
538 138 1732
539 1593 257
540 393 1531
541 1237 524
542 329 1415
543 1183 1183
544 1189 1100
545 343 462
546 712 1058
547 471 1735
548 1361 1072
549 1386 1474
550 408 1841
551 1849 1201
552 1340 1186
553 1076 1173
554 1968 620
555 357 1463
556 1565 1718
557 1385 860
558 1136 608
559 1149 916
560 291 1646
561 1065 897
562 436 922
563 1170 925
564 1731 1292
565 1345 844
566 1897 749
567 1411 142
568 1471 837
569 1674 1415
570 352 1965
571 951 1109
572 1318 1048
573 1756 1682
574 1041 1459
575 838 691
576 1506 267
577 1014 1262
578 1096 1092
579 126 51
580 1912 1695
581 1059 731
582 415 1452
583 1055 857
584 1532 73
585 260 1465
586 1765 1310
587 1674 1268
588 1190 1313
589 1934 1221
590 1230 1604
591 1368 334
592 1868 1732
593 1755 695
594 401 491
595 1289 314
596 1399 1101
597 1380 244
598 274 1911
599 880 1227
600 1601 1637
601 1071 1229
602 296 1656
603 1360 1066
604 1391 426
605 592 1594
606 1540 1346
607 684 60
608 373 1115
609 962 1671
610 1067 734
611 1799 1486
612 31 341
613 500 612
614 36 1925
615 1204 672
616 543 1160
617 566 1174
618 1405 446
619 109 1915
620 749 925
621 1190 1144
622 652 219
623 618 1144
624 422 972
625 1198 1172
626 457 1156
627 359 272
628 1617 456
629 1603 423
630 82 1875
631 1969 745
632 334 225
633 1610 1435
634 750 869
635 1509 918
636 482 1754
637 1759 961
638 1379 929
639 1898 498
640 18 1981
641 1576 168
642 893 846
643 1648 485
644 1406 1288
645 1333 1170
646 809 991
647 948 1030
648 1773 1543
649 1982 1685
650 694 564
651 1179 711
652 993 1370
653 1644 1691
654 350 258
655 1269 957
656 1507 410
657 66 1755
658 1582 1857
659 1118 1413
660 1398 583
661 1965 1947
662 1956 1454
663 1357 1522
664 847 590
665 1763 500
666 187 293
667 131 1387
668 821 721
669 1332 753
670 1305 276
671 687 154
672 1491 202
673 1006 214
674 681 1238
675 1023 832
676 1648 271
677 1297 931
678 778 1456
679 195 1831
680 1457 1823
681 1456 967
682 661 314
683 705 233
684 1642 1647
685 323 1128
686 1454 1133
687 1810 726
688 1350 1074
689 1803 414
690 852 1010
691 952 748
692 1186 1172
693 1404 1179
694 1010 419
695 208 184
696 1036 1194
697 1628 247
698 1226 418
699 1877 603
700 1161 477
701 352 284
702 334 144
703 1325 477
704 349 1036
705 1356 688
706 203 517
707 1978 131
708 1791 1280
709 1116 358
710 135 178
711 266 391
712 1648 1587
713 1670 1207
714 274 1762
715 549 729
716 1283 978
717 1863 1027
718 1768 210
719 1354 822
720 1585 741
721 339 1791
722 1422 169
723 222 1968
724 399 1781
725 1709 645
726 557 141
727 798 670
728 1826 387
729 1762 1374
730 87 215
731 1049 482
732 641 1745
733 782 745
734 1291 1134
735 1050 1056
736 1745 296
737 638 1482
738 973 747
739 1351 321
740 1927 1834
741 684 30
742 862 199
743 693 1200
744 1271 1020
745 1255 913
746 1344 317
747 1621 1193
748 204 1663
749 890 1279
750 1920 1800
751 1157 852
752 1025 759
753 1221 1205
754 226 1713
755 944 996
756 719 887
757 676 376
758 1271 168
759 460 1416
760 1032 1024
761 208 1990
762 1763 1180
763 269 1801
764 1203 153
765 583 1644
766 983 734
767 1421 1243
768 1044 449
769 193 1727
770 1051 873
771 209 1583
772 1169 832
773 1340 860
774 1256 279
775 447 1283
776 220 76
777 1752 431
778 1661 626
779 1583 1399
780 1449 1445
781 1360 932
782 1608 432
783 672 203
784 1721 78
785 785 610
786 551 988
787 266 1884
788 1483 1129
789 514 1210
790 1824 1169
791 259 1961
792 507 219
793 219 1534
794 1398 398
795 976 268
796 1172 516
797 1768 530
798 354 1521
799 1865 1933
800 1074 221
801 122 1578
802 805 1142
803 811 1207
804 1818 1863
805 1568 668
806 1046 619
807 444 1765
808 465 1087
809 266 1621
810 1895 198
811 1554 1061
812 820 1207
813 576 1299
814 1574 758
815 1664 1983
816 732 466
817 1232 417
818 43 138
819 1555 435
820 449 167
821 54 1996
822 1586 213
823 133 189
824 269 44
825 1896 317
826 1756 1737
827 910 1169
828 822 95
829 770 499
830 1611 402
831 1622 1717
832 1445 1020
833 329 1967
834 1601 656
835 1761 231
836 789 646
837 1263 1127
838 1203 674
839 452 260
840 302 650
841 1716 326
842 1147 961
843 76 407
844 470 1867
845 1377 1352
846 1758 974
847 1967 170
848 88 1648
849 960 852
850 69 1485
851 1846 1335
852 1228 1314
853 355 38
854 1354 1226
855 1113 441
856 682 1473
857 766 1022
858 1078 338
859 1581 1285
860 637 1843
861 1143 551
862 850 782
863 956 949
864 1117 1087
865 1941 514
866 868 428
867 1857 743
868 1297 849
869 1013 270
870 1736 113
871 1617 97
872 1637 321
873 156 1693
874 1670 1166
875 874 1217
876 1531 28
877 1705 1903
878 1388 978
879 1019 446
880 1377 257
881 924 1147
882 1765 311
883 1081 460
884 415 590
885 1641 1304
886 1668 976
887 1783 1426
888 1044 878
889 1200 1067
890 1140 264
891 363 93
892 1315 698
893 321 46
894 1518 265
895 1403 704
896 426 189
897 492 230
898 104 249
899 1233 1002
900 963 530
901 1252 854
902 354 1963
903 786 778
904 1765 1783
905 1776 252
906 1891 444
907 776 821
908 1228 975
909 808 273
910 1004 685
911 1540 1182
912 1441 553
913 710 439
914 653 608
915 492 1927
916 625 130
917 1565 288
918 643 256
919 1114 795
920 190 1916
921 909 681
922 1584 1223
923 1940 1035
924 1851 1497
925 1516 112
926 925 1048
927 1873 1496
928 1208 772
929 100 151
930 33 302
931 1299 497
932 1607 465
933 1508 460
934 480 263
935 801 835
936 659 202
937 299 248
938 1786 276
939 1660 1440
940 972 1671
941 832 966
942 405 141
943 606 1157
944 1757 327
945 1437 1628
946 1058 1306
947 1236 398
948 353 97
949 1609 236
950 1298 1040
951 79 362
952 958 322
953 1995 1934
954 640 455
955 124 180
956 872 850
957 1658 1056
958 544 415
959 1111 1260
960 1509 1261
961 1021 872
962 747 390
963 285 1789
964 757 1142
965 1739 619
966 333 1639
967 1687 1471
968 363 1837
969 1044 591
970 870 1062
971 1550 1498
972 1122 638
973 955 617
974 279 1937
975 1208 1234
976 1555 162
977 1785 551
978 326 1865
979 314 1539
980 1894 301
981 1145 474
982 565 1347
983 1760 1472
984 969 944
985 1652 1701
986 1295 1186
987 911 203
988 884 655
989 1208 976
990 1159 865
991 519 1680
992 763 179
993 489 149
994 1031 1007
995 1901 1462
996 1586 219
997 217 1934
998 486 1823
999 1208 916
1000 515 933
1001 1527 423
1002 584 612
1003 1594 1411
1004 1618 1382
1005 1355 1825
1006 1970 1297
1007 1714 1395
1008 1868 346
1009 1727 1043
1010 832 359
1011 1191 865
1012 311 1617
1013 1513 1559
1014 1485 501
1015 873 856
1016 186 1383
1017 1115 1225
1018 782 1096
1019 352 1966
1020 1713 531
1021 590 912
1022 315 1906
1023 1526 1376
1024 1174 868
1025 1767 1290
1026 688 1314
1027 1725 255
1028 727 1292
1029 1081 1242
1030 1800 426
1031 954 1271
1032 1639 1359
1033 409 244
1034 351 1612
1035 1781 570
1036 1252 896
1037 1501 372
1038 1160 359
1039 1463 628
1040 537 1044
1041 1336 517
1042 1152 509
1043 1171 828
1044 315 1366
1045 1405 796
1046 1146 664
1047 1364 1035
1048 1309 1383
1049 4 148
1050 1013 1109
1051 1778 1588
1052 1993 1114
1053 1500 1487
1054 1897 343
1055 1142 950
1056 1245 183
1057 909 1021
1058 1579 1393
1059 698 896
1060 113 1784
1061 1138 915
1062 996 803
1063 866 1219
1064 1140 907
1065 1066 549
1066 1387 1447
1067 1545 255
1068 213 1898
1069 468 379
1070 1115 778
1071 431 280
1072 825 959
1073 600 1826
1074 1004 1215
1075 1731 1508
1076 1659 1557
1077 717 63
1078 1763 1462
1079 1004 918
1080 937 308
1081 1123 847
1082 1450 462
1083 773 1202
1084 786 417
1085 1490 484
1086 1362 45
1087 1282 1218
1088 569 740
1089 1766 984
1090 1863 1778
1091 188 272
1092 1026 974
1093 463 311
1094 726 1238
1095 1022 373
1096 1682 213
1097 1387 107
1098 1353 463
1099 1452 746
1100 370 1873
1101 1595 1418
1102 1696 1176
1103 281 1978
1104 1520 1664
1105 121 273
1106 875 4
1107 1722 1002
1108 756 1130
1109 1500 996
1110 1103 819
1111 1407 1402
1112 1710 520
1113 1596 246
1114 685 650
1115 402 1690
1116 1792 1825
1117 31 493
1118 575 269
1119 1201 1125
1120 551 1051
1121 1484 896
1122 956 780
1123 1252 870
1124 1791 1022
1125 342 97
1126 433 37
1127 484 1048
1128 681 169
1129 860 1211
1130 755 1186
1131 1611 1583
1132 802 758
1133 151 1276
1134 1007 1086
1135 311 1327
1136 348 1861
1137 1471 1229
1138 1868 626
1139 323 1325
1140 1938 273
1141 456 931
1142 280 1534
1143 413 498
1144 1361 838
1145 114 101
1146 451 1114
1147 1782 1261
1148 1456 628
1149 861 879
1150 1301 1187
1151 921 1448
1152 713 1484
1153 304 1978
1154 445 229
1155 1498 622
1156 336 73
1157 1294 766
1158 455 1994
1159 1793 471
1160 412 1818
1161 554 634
1162 1748 211
1163 1292 697
1164 1625 1752
1165 409 1746
1166 1215 596
1167 301 1957
1168 399 1791
1169 63 1945
1170 1089 890
1171 1656 1785
1172 1499 571
1173 1768 1859
1174 1763 441
1175 1460 315
1176 1344 895
1177 1095 712
1178 783 1063
1179 1894 343
1180 877 1023
1181 1770 1710
1182 611 1920
1183 322 161
1184 1349 1098
1185 1704 417
1186 906 966
1187 1834 1114
1188 759 999
1189 1480 1309
1190 529 122
1191 198 1765
1192 1770 1666
1193 312 107
1194 1845 1719
1195 1216 1109
1196 455 1883
1197 1780 650
1198 1870 1344
1199 1573 353
1200 1114 1665
1201 275 1976
1202 261 1616
1203 1363 1313
1204 256 1632
1205 1171 755
1206 1049 331
1207 695 137
1208 895 1166
1209 1029 456
1210 266 1995
1211 1527 1557
1212 1505 1228
1213 684 1113
1214 469 211
1215 1698 300
1216 1193 335
1217 106 1834
1218 959 736
1219 864 168
1220 927 1415
1221 218 275
1222 891 742
1223 1490 1656
1224 1826 503
1225 269 88
1226 831 275
1227 1020 276
1228 888 234
1229 1223 207
1230 1439 347
1231 808 1090
1232 1492 1412
1233 1775 1360
1234 1450 1204
1235 451 95
1236 1762 420
1237 1170 947
1238 759 133
1239 1060 807
1240 1079 548
1241 609 256
1242 1307 1215
1243 963 811
1244 1058 903
1245 1264 186
1246 1276 623
1247 157 1101
1248 1375 145
1249 1924 1991
1250 1578 324
1251 1435 690
1252 212 1831
1253 10 1739
1254 1353 1517
1255 1729 1597
1256 741 866
1257 341 222
1258 1559 1215
1259 480 1406
1260 1239 1114
1261 1728 1224
1262 769 1306
1263 529 1739
1264 722 242
1265 1364 121
1266 1729 1963
1267 1149 962
1268 1424 1084
1269 1544 320
1270 1285 636
1271 297 79
1272 1755 1629
1273 1702 595
1274 1575 1680
1275 1547 1954
1276 16 1928
1277 481 1604
1278 120 1833
1279 873 867
1280 1330 1087
1281 1714 564
1282 737 814
1283 716 1387
1284 291 1593
1285 1692 1073
1286 929 494
1287 344 892
1288 1991 597
1289 1902 567
1290 1651 477
1291 1703 582
1292 674 1344
1293 737 241
1294 753 66
1295 1751 1111
1296 390 1550
1297 503 1742
1298 547 1288
1299 1498 1255
1300 1781 1587
1301 1169 1226
1302 1336 1465
1303 972 398
1304 185 42
1305 387 299
1306 1952 1651
1307 72 1687
1308 488 1706
1309 606 1011
1310 338 1927
1311 592 221
1312 1649 618
1313 585 465
1314 1715 334
1315 1736 1622
1316 996 1341
1317 393 163
1318 126 1836
1319 1881 1765
1320 1928 801
1321 1204 641
1322 657 1226
1323 1372 969
1324 579 964
1325 1704 435
1326 602 1344
1327 78 1741
1328 1255 606
1329 1218 1051
1330 1878 134
1331 746 1018
1332 661 47
1333 1496 1235
1334 816 445
1335 1045 841
1336 1277 1147
1337 914 652
1338 1967 371
1339 615 1050
1340 1066 1218
1341 1070 442
1342 1559 102
1343 638 1655
1344 863 927
1345 294 1398
1346 354 349
1347 105 1855
1348 1108 102
1349 1310 619
1350 920 700
1351 958 236
1352 1890 74
1353 1062 558
1354 1072 1090
1355 538 280
1356 1984 679
1357 604 1554
1358 1235 797
1359 1395 1092
1360 449 234
1361 1861 415
1362 1141 878
1363 1549 1393
1364 1680 1344
1365 1105 1169
1366 1407 798
1367 1225 1336
1368 185 1761
1369 122 517
1370 593 1422
1371 1307 820
1372 1257 1359
1373 1864 1641
1374 634 1858
1375 783 297
1376 1910 1725
1377 416 1767
1378 973 1079
1379 159 325
1380 777 1307
1381 214 223
1382 226 1912
1383 1087 335
1384 136 1689
1385 204 105
1386 1619 1793
1387 1273 854
1388 1307 644
1389 250 1544
1390 1825 1502
1391 173 111
1392 1376 468
1393 1996 1758
1394 240 1651
1395 298 1056
1396 1234 562
1397 551 326
1398 848 1036
1399 1503 708
1400 1588 1327
1401 209 1989
1402 1430 731
1403 544 1429
1404 1206 946
1405 1098 881
1406 1028 577
1407 1667 22
1408 541 358
1409 856 452
1410 1116 332
1411 1843 1203
1412 469 223
1413 601 1892
1414 1107 965
1415 861 89
1416 1151 1039
1417 358 1852
1418 383 1623
1419 741 1459
1420 708 1600
1421 1513 549
1422 1479 5
1423 977 1224
1424 1706 150
1425 536 1407
1426 1859 1656
1427 969 834
1428 377 152
1429 1553 305
1430 1760 1246
1431 1518 590
1432 506 1295
1433 1584 1612
1434 1645 1451
1435 94 408
1436 646 976
1437 1270 1113
1438 414 17
1439 175 1892
1440 1691 193
1441 1156 631
1442 376 29
1443 1553 221
1444 1136 694
1445 1766 379
1446 246 94
1447 40 1
1448 1707 1437
1449 1319 1393
1450 1085 1199
1451 1227 729
1452 1970 1630
1453 786 1055
1454 1730 175
1455 1017 1098
1456 1647 338
1457 961 1347
1458 1368 282
1459 1838 491
1460 1948 1201
1461 1574 1845
1462 1903 135
1463 658 1167
1464 883 760
1465 1438 263
1466 252 50
1467 1217 19
1468 1095 1444
1469 7 1770
1470 1360 806
1471 1868 348
1472 937 669
1473 1794 549
1474 1599 1352
1475 1573 1916
1476 1332 168
1477 1971 1181
1478 1144 752
1479 1068 1089
1480 1776 418
1481 1563 358
1482 254 1905
1483 136 1887
1484 1099 1300
1485 747 448
1486 1874 1600
1487 1434 984
1488 1713 1738
1489 243 1500
1490 1429 1440
1491 688 82
1492 584 691
1493 12 1830
1494 435 331
1495 1524 1091
1496 1645 927
1497 1810 351
1498 1853 437
1499 972 1119
1500 1865 158
1501 775 738
1502 191 1801
1503 1740 1265
1504 604 286
1505 339 1813
1506 904 818
1507 1467 544
1508 347 15
1509 799 1316
1510 624 1153
1511 522 635
1512 296 180
1513 1513 28
1514 1166 351
1515 1200 525
1516 1040 749
1517 1613 1114
1518 1231 638
1519 1879 1294
1520 1095 1026
1521 942 1058
1522 1785 1432
1523 528 1027
1524 1223 1095
1525 1577 1351
1526 254 1795
1527 263 55
1528 792 145
1529 228 1843
1530 746 519
1531 556 1171
1532 409 1528
1533 619 1347
1534 20 338
1535 1519 90
1536 1390 816
1537 1661 919
1538 174 1688
1539 150 78
1540 13 1910
1541 755 1246
1542 1508 968
1543 1722 1478
1544 502 1758
1545 591 512
1546 1091 1055
1547 1292 1119
1548 1763 583
1549 748 1012
1550 164 306
1551 1871 918
1552 665 1036
1553 467 302
1554 1579 1377
1555 1448 679
1556 1606 286
1557 190 1865
1558 1941 432
1559 1716 680
1560 1637 304
1561 1760 482
1562 1090 1039
1563 997 950
1564 1076 966
1565 873 1387
1566 1505 463
1567 1184 1070
1568 623 1225
1569 1397 688
1570 817 1089
1571 1898 106
1572 1373 427
1573 1821 334
1574 877 1230
1575 1153 611
1576 1618 1434
1577 461 1773
1578 296 439
1579 63 86
1580 1468 334
1581 804 1525
1582 1323 301
1583 250 1895
1584 1780 1883
1585 1728 1419
1586 450 172
1587 67 1805
1588 1520 1154
1589 1304 971
1590 976 430
1591 1871 550
1592 271 1918
1593 1314 241
1594 812 603
1595 1261 851
1596 1637 571
1597 1327 1489
1598 1962 1801
1599 621 1320
1600 1608 97
1601 417 430
1602 341 41
1603 1517 933
1604 1403 1243
1605 1337 1598
1606 1480 212
1607 1040 409
1608 440 169
1609 281 279
1610 659 1236
1611 723 524
1612 302 1840
1613 1572 991
1614 1237 1001
1615 561 1800
1616 1753 263
1617 1645 1365
1618 1747 1370
1619 1267 1304
1620 1934 622
1621 518 1578
1622 524 72
1623 367 1702
1624 380 1558
1625 1681 238
1626 814 142
1627 1629 1238
1628 483 50
1629 907 897
1630 1605 437
1631 453 247
1632 916 707
1633 1306 810
1634 630 304
1635 1002 1040
1636 199 212
1637 1805 172
1638 1434 797
1639 1262 891
1640 765 1405
1641 1386 748
1642 414 31
1643 512 1193
1644 898 978
1645 1540 276
1646 516 1609
1647 1162 207
1648 1969 1656
1649 1178 875
1650 1163 1251
1651 1759 1449
1652 58 1421
1653 945 954
1654 1981 439
1655 682 1063
1656 969 1245
1657 1238 611
1658 1656 412
1659 1821 1115
1660 1677 326
1661 1647 533
1662 1461 264
1663 1509 394
1664 1612 297
1665 152 1958
1666 1093 806
1667 912 692
1668 1922 685
1669 836 599
1670 1017 1116
1671 534 1575
1672 975 1061
1673 1597 160
1674 26 1767
1675 1543 683
1676 1663 147
1677 709 1521
1678 1432 746
1679 1586 1421
1680 1722 240
1681 1578 1518
1682 595 1545
1683 1596 24
1684 1676 378
1685 1706 100
1686 337 383
1687 327 176
1688 717 1571
1689 1244 462
1690 1540 367
1691 1430 362
1692 1890 328
1693 1886 1524
1694 1649 414
1695 507 163
1696 799 1232
1697 826 966
1698 1533 296
1699 411 1601
1700 1874 1795
1701 1682 1942
1702 377 1729
1703 363 1167
1704 1287 671
1705 1214 1195
1706 254 1578
1707 169 1876
1708 1570 1086
1709 255 577
1710 1260 1229
1711 1220 596
1712 579 159
1713 1771 523
1714 885 1220
1715 1768 423
1716 1873 1581
1717 1551 450
1718 975 1548
1719 1345 1246
1720 991 708
1721 890 1138
1722 1803 967
1723 627 317
1724 1382 211
1725 446 1661
1726 908 389
1727 847 985
1728 1310 767
1729 1163 312
1730 1733 202
1731 545 1286
1732 1505 1497
1733 1670 289
1734 284 96
1735 446 294
1736 1065 826
1737 1151 1064
1738 1786 983
1739 1214 1276
1740 1543 899
1741 315 1907
1742 980 1543
1743 247 1990
1744 170 1454
1745 249 168
1746 1670 1613
1747 1897 1661
1748 1993 556
1749 1252 1137
1750 982 486
1751 1970 1548
1752 656 1426
1753 863 1187
1754 1542 419
1755 1311 645
1756 1721 446
1757 726 1028
1758 1178 970
1759 1715 167
1760 1806 1609
1761 523 1212
1762 1186 803
1763 868 273
1764 1909 612
1765 1557 319
1766 840 741
1767 1220 907
1768 939 938
1769 1287 828
1770 1994 1620
1771 888 1375
1772 949 1449
1773 331 1516
1774 1106 445
1775 1576 1264
1776 1148 23
1777 963 136
1778 1334 1498
1779 1622 244
1780 488 1727
1781 226 1948
1782 530 20
1783 1266 853
1784 1903 1788
1785 1622 436
1786 570 1928
1787 588 168
1788 1796 1551
1789 1951 1277
1790 1234 436
1791 352 1841
1792 1044 279
1793 1280 894
1794 1524 193
1795 367 1874
1796 1528 765
1797 929 1219
1798 331 266
1799 751 987
1800 799 887
1801 1738 596
1802 283 1836
1803 1216 1358
1804 310 1444
1805 1917 1532
1806 1727 534
1807 1172 599
1808 1810 442
1809 1712 369
1810 712 776
1811 791 1310
1812 404 288
1813 343 535
1814 1032 64
1815 780 958
1816 696 1278
1817 1263 813
1818 1653 1174
1819 1545 1577
1820 307 1794
1821 907 1243
1822 1097 1161
1823 658 1200
1824 1855 1174
1825 734 1508
1826 1818 1769
1827 593 1885
1828 1604 1166
1829 862 1278
1830 1110 862
1831 831 836
1832 1875 1089
1833 1826 903
1834 459 287
1835 188 387
1836 510 32
1837 1267 667
1838 510 136
1839 351 1930
1840 586 1095
1841 1707 1671
1842 1890 853
1843 852 459
1844 1445 203
1845 228 88
1846 1774 595
1847 1827 430
1848 1994 561
1849 452 1758
1850 357 1856
1851 1576 1103
1852 1283 918
1853 444 1446
1854 175 336
1855 376 503
1856 1116 165
1857 389 610
1858 1198 708
1859 1145 668
1860 1535 430
1861 1518 1289
1862 1461 391
1863 673 981
1864 1287 495
1865 704 319
1866 239 106
1867 1769 1874
1868 337 1659
1869 972 1220
1870 435 306
1871 146 1934
1872 1591 127
1873 1184 647
1874 1749 838
1875 1520 1637
1876 1296 763
1877 42 1849
1878 1843 30
1879 980 1049
1880 483 370
1881 1174 467
1882 481 1643
1883 1478 281
1884 1634 173
1885 567 1709
1886 1306 997
1887 1517 1326
1888 181 224
1889 1431 339
1890 821 1317
1891 1484 1642
1892 1075 402
1893 268 1915
1894 1790 1497
1895 808 1259
1896 264 1789
1897 1808 1446
1898 430 1982
1899 1694 693
1900 1471 1627
1901 1689 923
1902 1971 1883
1903 29 1590
1904 788 148
1905 775 345
1906 186 1462
1907 432 1927
1908 1832 319
1909 1050 562
1910 296 1860
1911 680 1367
1912 286 34
1913 534 1879
1914 1843 354
1915 1324 1159
1916 925 964
1917 1617 382
1918 1709 1581
1919 1626 1792
1920 964 1098
1921 960 650
1922 1562 1048
1923 312 36
1924 1002 971
1925 1066 949
1926 1502 597
1927 1175 604
1928 1736 1561
1929 1149 231
1930 585 1762
1931 267 1853
1932 1785 1883
1933 922 678
1934 1473 1299
1935 1628 1197
1936 1964 1814
1937 1364 859
1938 1503 481
1939 1636 754
1940 947 325
1941 1208 797
1942 238 1511
1943 305 1762
1944 1051 557
1945 1221 775
1946 1208 1202
1947 1767 233
1948 1418 1325
1949 179 1681
1950 243 1741
1951 1955 1713
1952 352 231
1953 774 1387
1954 826 1265
1955 537 1417
1956 1201 701
1957 1389 1014
1958 1467 1103
1959 1922 1574
1960 233 1964
1961 1775 1766
1962 498 1416
1963 1648 1371
1964 1490 1251
1965 1672 1619
1966 309 1378
1967 334 322
1968 96 1499
1969 1304 691
1970 1102 319
1971 1401 686
1972 339 444
1973 1824 1182
1974 1716 1012
1975 790 687
1976 1143 112
1977 1579 509
1978 1968 467
1979 178 1811
1980 642 98
1981 1187 1395
1982 575 1634
1983 1218 1190
1984 1550 387
1985 1856 1984
1986 1391 914
1987 291 211
1988 1899 1839
1989 1623 313
1990 1764 1945
1991 353 1105
1992 1825 1459
1993 888 751
1994 183 1854
1995 317 340
1996 1172 589
1997 1217 1033
1998 1301 1013
1999 1750 1463
2000 1788 1459
2001 1845 537
2002 1702 1184
2003 1229 572
2004 887 265
2005 1499 503
2006 1094 1141
2007 1738 440
2008 989 1022
2009 479 1546
2010 487 191
2011 608 323
2012 1638 1321
2013 1359 468
2014 1069 959
2015 979 1139
2016 354 168
2017 1446 601
2018 816 1437
2019 734 1185
2020 1321 919
2021 999 1332
2022 1040 932
2023 504 1577
2024 917 1466
2025 1995 1516
2026 1901 415
2027 1713 1700
2028 35 257
2029 1728 1076
2030 660 1415
2031 439 1069
2032 259 160
2033 369 1831
2034 549 1290
2035 779 849
2036 1695 719
2037 1494 645
2038 1150 752
2039 1391 1016
2040 1897 1618
2041 1949 587
2042 1879 1471
2043 1535 1126
2044 1674 582
2045 611 927
2046 1533 1504
2047 382 131
2048 450 1915
2049 535 112
2050 1716 1351
2051 188 1970
2052 1332 619
2053 545 919
2054 1863 989
2055 352 1332
2056 487 1198
2057 1920 1433
2058 1241 797
2059 149 29
2060 1918 1285
2061 1903 462
2062 1760 427
2063 36 1830
2064 396 1308
2065 475 1526
2066 185 1595
2067 1864 1831
2068 617 378
2069 1142 1503
2070 987 1040
2071 749 550
2072 1868 360
2073 1863 240
2074 1315 1329
2075 1844 519
2076 709 129
2077 976 1031
2078 383 1857
2079 1746 986
2080 1494 557
2081 1586 181
2082 1718 1907
2083 425 1743
2084 309 1575
2085 1540 805
2086 356 1856
2087 737 1042
2088 713 503
2089 1605 1104
2090 1648 500
2091 1745 1496
2092 1709 1478
2093 642 1087
2094 778 293
2095 1518 444
2096 1248 567
2097 301 1119
2098 1755 1028
2099 685 1261
2100 1055 915
2101 1148 413
2102 1674 433
2103 1741 1663
2104 364 1846
2105 1718 1746
2106 568 815
2107 940 1011
2108 1789 82
2109 1878 1308
2110 1734 1937
2111 273 1504
2112 197 309
2113 521 1180
2114 1199 702
2115 649 1806
2116 226 1775
2117 267 1976
2118 1953 1803
2119 1194 1276
2120 271 1711
2121 1957 1178
2122 1667 1383
2123 1386 499
2124 1885 1604
2125 431 364
2126 685 680
2127 599 1976
2128 1424 1109
2129 1567 443
2130 142 1973
2131 1151 1189
2132 1911 1925
2133 75 1800
2134 1939 615
2135 1254 1345
2136 1998 443
2137 1178 1047
2138 63 1760
2139 1401 916
2140 1367 1350
2141 1240 350
2142 619 81
2143 401 1779
2144 1440 354
2145 840 742
2146 1120 1304
2147 336 1961
2148 101 443
2149 1837 1683
2150 299 1450
2151 1347 449
2152 466 1791
2153 1310 256
2154 305 1888
2155 1678 882
2156 1549 84
2157 606 1460
2158 1265 1415
2159 1818 645
2160 170 1745
2161 525 849
2162 161 1775
2163 450 56
2164 1714 1833
2165 462 899
2166 47 80
2167 1487 1544
2168 771 973
2169 501 1707
2170 910 750
2171 219 1904
2172 138 1570
2173 888 941
2174 1159 68
2175 223 387
2176 733 787
2177 1431 168
2178 1227 742
2179 1029 917
2180 1349 1585
2181 1484 1211
2182 1390 1504
2183 1507 367
2184 1148 1253
2185 1616 350
2186 1083 1149
2187 1902 1632
2188 1534 480
2189 748 1052
2190 8 1795
2191 406 894
2192 1478 1335
2193 955 1411
2194 405 1105
2195 861 833
2196 1048 1375
2197 1069 361
2198 785 1008
2199 1728 1643
2200 1230 910
2201 414 331
2202 1366 755
2203 783 199
2204 1628 1064
2205 841 32
2206 1266 558
2207 271 129
2208 1924 685
2209 1348 1100
2210 1091 1182
2211 1460 795
2212 722 1252
2213 1053 300
2214 1645 1630
2215 246 1392
2216 1558 308
2217 1144 847
2218 212 1764
2219 1672 1271
2220 924 385
2221 1746 1126
2222 1323 1142
2223 1199 570
2224 1078 642
2225 1242 1019
2226 1810 813
2227 148 1820
2228 1410 896
2229 1291 721
2230 907 821
2231 1113 699
2232 1724 415
2233 1219 981
2234 824 906
2235 1131 337
2236 1684 492
2237 1771 628
2238 1969 54
2239 1360 128
2240 1375 978
2241 1305 169
2242 1227 755
2243 316 224
2244 1753 1948
2245 348 1918
2246 1232 89
2247 108 420
2248 604 1711
2249 887 747
2250 1762 1721
2251 11 1676
2252 1063 850
2253 1682 1491
2254 1933 1817
2255 1138 521
2256 1535 1301
2257 1510 384
2258 1722 474
2259 290 1818
2260 1804 1194
2261 201 1888
2262 1708 1480
2263 1333 504
2264 1947 1735
2265 234 1584
2266 740 1296
2267 1202 903
2268 443 1960
2269 1299 987
2270 1899 1697
2271 1047 1511
2272 404 24
2273 978 987
2274 894 628
2275 956 1042
2276 998 1174
2277 1844 643
2278 1315 587
2279 211 1599
2280 1804 1145
2281 577 979
2282 892 1467
2283 933 1200
2284 772 1629
2285 1045 503
2286 1235 673
2287 1718 471
2288 1724 1355
2289 581 914
2290 1457 1457
2291 1293 1116
2292 254 1546
2293 95 1937
2294 1120 541
2295 1501 1227
2296 1282 320
2297 1954 1224
2298 1027 772
2299 217 1600
2300 1530 513
2301 1692 1476
2302 1555 176
2303 784 427
2304 711 385
2305 47 1617
2306 1286 1492
2307 1633 531
2308 46 435
2309 948 1427
2310 1219 594
2311 903 373
2312 1725 1018
2313 138 1944
2314 9 215
2315 1573 825
2316 1425 791
2317 626 1267
2318 1650 645
2319 1795 559
2320 970 652
2321 469 1467
2322 1572 369
2323 1067 540
2324 1904 390
2325 1456 539
2326 1837 1037
2327 373 1695
2328 1613 1868
2329 1182 1149
2330 1874 1345
2331 1202 1104
2332 1250 320
2333 1356 637
2334 1869 1423
2335 736 1186
2336 986 138
2337 1956 1682
2338 350 24
2339 1087 452
2340 79 1776
2341 1149 796
2342 925 700
2343 1792 859
2344 1678 1159
2345 171 116
2346 1270 441
2347 1979 1350
2348 1814 1526
2349 1790 1692
2350 776 1176
2351 584 991
2352 386 1048
2353 1560 405
2354 832 1094
2355 611 339
2356 1704 46
2357 412 1526
2358 727 807
2359 412 1116
2360 1296 262
2361 1156 1063
2362 343 182
2363 627 1219
2364 1391 130
2365 1365 426
2366 523 255
2367 1554 519
2368 530 1855
2369 152 1825
2370 1870 1708
2371 1384 1225
2372 1871 316
2373 1640 510
2374 1988 200
2375 324 1806
2376 977 675
2377 1130 1080
2378 1660 1728
2379 934 423
2380 355 63
2381 955 250
2382 1889 1370
2383 1244 847
2384 907 662
2385 1285 1045
2386 1074 1466
2387 358 1770
2388 604 335
2389 797 559
2390 300 578
2391 806 622
2392 1066 416
2393 1290 1402
2394 1286 833
2395 1443 984
2396 267 746
2397 373 1724
2398 1776 1715
2399 686 278
2400 210 1819
2401 1850 865
2402 221 1755
2403 546 1636
2404 1327 770
2405 276 449
2406 1287 1223
2407 1870 1842
2408 211 396
2409 345 1789
2410 514 1910
2411 1557 486
2412 914 113
2413 1479 737
2414 953 919
2415 1304 1231
2416 1938 1640
2417 160 1821
2418 541 1264
2419 1425 700
2420 565 1927
2421 359 1947
2422 1857 62
2423 1553 1276
2424 1953 1211
2425 318 1974
2426 1594 747
2427 562 153
2428 1038 672
2429 1572 270
2430 1487 993
2431 218 2
2432 1369 924
2433 64 1829
2434 1110 1085
2435 1331 444
2436 853 1357
2437 1295 288
2438 1314 1149
2439 168 1524
2440 560 423
2441 1612 1822
2442 739 49
2443 1079 994
2444 1391 789
2445 1630 1664
2446 1782 112
2447 756 1013
2448 1935 1378
2449 1750 620
2450 860 1206
2451 504 1954
2452 1285 1452
2453 1476 1569
2454 1116 1530
2455 1522 583
2456 1259 722
2457 1268 276
2458 662 1189
2459 462 1543
2460 756 406
2461 265 1801
2462 1068 1097
2463 434 191
2464 1879 1571
2465 874 666
2466 1138 624
2467 166 59
2468 786 1161
2469 1847 1638
2470 1303 1257
2471 468 501
2472 1307 787
2473 573 1412
2474 1902 1444
2475 1865 1605
2476 592 533
2477 1209 934
2478 676 1278
2479 1155 1366
2480 544 1434
2481 1937 1567
2482 1524 276
2483 1336 370
2484 632 1114
2485 394 1672
2486 1611 803
2487 526 1873
2488 912 1055
2489 789 1294
2490 1752 965
2491 512 1345
2492 1175 272
2493 948 1102
2494 1838 808
2495 225 26
2496 996 23
2497 1340 254
2498 1976 760
2499 567 1472
2500 1572 1146
2501 1300 739
2502 1240 817
2503 1538 626
2504 1593 469
2505 1472 485
2506 574 1423
2507 1641 1726
2508 929 738
2509 531 1613
2510 1725 84
2511 1011 879
2512 361 226
2513 695 1021
2514 885 933
2515 1368 1408
2516 712 483
2517 1599 488
2518 1686 1648
2519 1752 1084
2520 1859 1634
2521 626 338
2522 965 715
2523 295 1691
2524 1979 1413
2525 1558 1001
2526 62 1783
2527 598 1233
2528 1448 182
2529 1136 1421
2530 1124 388
2531 837 239
2532 1009 1025
2533 1556 407
2534 548 991
2535 1408 852
2536 1994 1405
2537 677 868
2538 873 799
2539 1415 807
2540 1453 485
2541 883 1168
2542 5 435
2543 489 17
2544 1136 1120
2545 40 1672
2546 1417 1340
2547 1950 959
2548 1629 1455
2549 775 1471
2550 1318 178
2551 532 1627
2552 1701 1485
2553 229 210
2554 1723 1300
2555 650 1169
2556 1464 1684
2557 541 1107
2558 1895 1318
2559 500 392
2560 1758 1100
2561 251 1604
2562 1836 924
2563 284 1341
2564 710 1301
2565 896 112
2566 899 1264
2567 1301 1354
2568 857 560
2569 1587 787
2570 1580 1666
2571 1794 166
2572 25 1587
2573 879 823
2574 1111 987
2575 1592 1332
2576 590 673
2577 584 253
2578 1378 1336
2579 1402 214
2580 1448 1136
2581 1730 1971
2582 177 1578
2583 1344 605
2584 318 495
2585 937 233
2586 1471 835
2587 293 1763
2588 1823 1467
2589 1395 153
2590 1722 1694
2591 1986 1711
2592 1506 124
2593 1183 1000
2594 948 672
2595 1099 662
2596 715 705
2597 1836 646
2598 711 675
2599 1275 1328
2600 416 317
2601 124 1721
2602 136 1751
2603 981 408
2604 593 1273
2605 1192 961
2606 1967 318
2607 435 216
2608 1908 1597
2609 724 1172
2610 1245 823
2611 101 1912
2612 387 1662
2613 635 61
2614 1431 625
2615 788 227
2616 673 173
2617 1724 368
2618 200 1899
2619 931 864
2620 1764 388
2621 1729 526
2622 1638 1234
2623 1236 751
2624 1733 298
2625 1726 313
2626 1878 215
2627 256 1849
2628 736 268
2629 719 380
2630 1213 826
2631 1751 611
2632 124 1877
2633 1711 295
2634 1290 606
2635 1208 963
2636 520 1025
2637 1906 1266
2638 1190 953
2639 1004 878
2640 679 66
2641 1447 222
2642 265 147
2643 1633 1403
2644 1716 965
2645 616 456
2646 513 1662
2647 1979 1458
2648 1273 231
2649 1672 1760
2650 1770 1215
2651 1220 1152
2652 1011 1196
2653 1197 204
2654 1568 452
2655 1507 223
2656 1812 1282
2657 1563 466
2658 1499 539
2659 1447 824
2660 575 1446
2661 202 377
2662 564 1317
2663 1849 1638
2664 1468 589
2665 614 744
2666 1865 1185
2667 587 1314
2668 438 199
2669 1403 625
2670 1683 1596
2671 1471 1308
2672 550 1459
2673 1330 1020
2674 1450 1133
2675 1284 754
2676 1634 503
2677 284 1389
2678 1021 848
2679 1072 821
2680 619 1365
2681 816 649
2682 541 1766
2683 1410 665
2684 1710 305
2685 1401 1398
2686 1724 305
2687 1362 579
2688 512 1291
2689 585 851
2690 1270 206
2691 1210 1265
2692 62 1806
2693 816 621
2694 379 1561
2695 1596 892
2696 79 1524
2697 818 938
2698 1658 521
2699 577 1208
2700 739 383
2701 1212 848
2702 908 257
2703 1437 448
2704 1931 452
2705 476 1767
2706 1914 155
2707 507 168
2708 1094 1187
2709 149 1540
2710 1223 723
2711 1731 235
2712 365 423
2713 838 134
2714 296 192
2715 1734 1416
2716 1714 1169
2717 1621 469
2718 70 1743
2719 796 235
2720 1421 350
2721 427 1156
2722 208 1818
2723 735 228
2724 47 1610
2725 367 143
2726 309 10
2727 1444 1072
2728 541 969
2729 1914 530
2730 1926 145
2731 1060 367
2732 370 1796
2733 143 1900
2734 493 1417
2735 1680 957
2736 1803 1805
2737 1878 62
2738 1728 1929
2739 1666 978
2740 1791 146
2741 1892 846
2742 433 1838
2743 1379 936
2744 1874 515
2745 1614 948
2746 1364 154
2747 430 1835
2748 1818 1336
2749 649 190
2750 1390 452
2751 875 557
2752 139 1740
2753 858 1314
2754 706 1933
2755 1430 204
2756 1550 42
2757 1028 1276
2758 1054 771
2759 1672 699
2760 966 1299
2761 744 1379
2762 955 45
2763 1411 913
2764 1007 1231
2765 1318 1080
2766 576 1314
2767 1807 1989
2768 1070 1232
2769 96 263
2770 1513 1151
2771 1536 888
2772 996 1246
2773 1743 1210
2774 1134 1231
2775 589 97
2776 632 1459
2777 1518 252
2778 1670 831
2779 329 1586
2780 1838 515
2781 1787 1663
2782 1156 782
2783 1751 1569
2784 1835 218
2785 1857 243
2786 1084 1440
2787 1980 1785
2788 599 1695
2789 443 1895
2790 1972 1459
2791 1587 1787
2792 153 621
2793 216 1927
2794 1756 498
2795 725 304
2796 1399 359
2797 1473 1422
2798 329 1335
2799 1558 2
2800 1572 504
2801 1122 595
2802 1387 1617
2803 1350 826
2804 5 410
2805 1250 996
2806 1804 1462
2807 1191 476
2808 239 218
2809 1864 262
2810 1924 439
2811 1538 104
2812 1074 1114
2813 1143 578
2814 141 1793
2815 1810 1568
2816 1391 692
2817 1863 513
2818 784 32
2819 1210 838
2820 325 379
2821 742 846
2822 1106 989
2823 598 294
2824 210 1963
2825 1279 971
2826 1738 186
2827 1734 211
2828 542 1570
2829 503 117
2830 1480 1461
2831 1393 847
2832 1969 1775
2833 1063 128
2834 1605 1584
2835 1860 1156
2836 1720 1900
2837 1347 1482
2838 1581 148
2839 1338 461
2840 438 374
2841 1558 1065
2842 738 1259
2843 1334 489
2844 694 611
2845 1338 1139
2846 1457 1518
2847 1482 1013
2848 855 897
2849 1447 280
2850 903 942
2851 1943 795
2852 1521 1286
2853 949 895
2854 298 1742
2855 1724 200
2856 1758 1907
2857 688 463
2858 989 671
2859 420 1777
2860 770 159
2861 640 188
2862 470 1527
2863 1292 1420
2864 1313 1409
2865 1837 1269
2866 947 265
2867 489 230
2868 75 264
2869 459 430
2870 1062 905
2871 1395 1148
2872 268 45
2873 1347 1258
2874 1317 826
2875 956 873
2876 1589 598
2877 85 1985
2878 1751 706
2879 1664 318
2880 1037 1132
2881 89 232
2882 1044 398
2883 1478 717
2884 1426 1083
2885 122 1857
2886 1574 374
2887 1575 877
2888 348 104
2889 47 40
2890 1023 1185
2891 112 1961
2892 1100 302
2893 1338 833
2894 472 211
2895 832 1035
2896 606 171
2897 999 537
2898 137 297
2899 138 1785
2900 704 114
2901 1833 1709
2902 1510 955
2903 1054 510
2904 1148 372
2905 816 1529
2906 232 50
2907 931 1142
2908 69 1952
2909 1373 843
2910 1301 1098
2911 944 903
2912 148 1485
2913 1682 1106
2914 1397 308
2915 10 1921
2916 903 345
2917 1028 921
2918 1617 240
2919 1086 654
2920 1008 1481
2921 1893 1471
2922 1484 1926
2923 694 144
2924 1358 1959
2925 814 65
2926 1066 688
2927 560 1576
2928 856 1022
2929 1422 1151
2930 212 65
2931 559 899
2932 343 1728
2933 242 1995
2934 530 117
2935 1921 1442
2936 1962 827
2937 1082 96
2938 329 1135
2939 784 882
2940 260 733
2941 593 542
2942 669 1512
2943 1549 483
2944 1497 1434
2945 636 222
2946 684 1738
2947 752 1161
2948 1753 195
2949 268 1457
2950 1814 1866
2951 509 1913
2952 258 550
2953 1551 1084
2954 1683 1490
2955 271 1748
2956 620 1258
2957 785 406
2958 863 880
2959 613 1548
2960 1565 45
2961 1726 799
2962 1581 1995
2963 808 1285
2964 230 175
2965 1697 210
2966 1873 1670
2967 1304 1215
2968 102 143
2969 1140 1090
2970 54 31
2971 691 1198
2972 1209 1158
2973 1309 961
2974 868 993
2975 1103 1223
2976 879 974
2977 654 226
2978 1737 1146
2979 1905 1314
2980 505 163
2981 1640 273
2982 715 987
2983 1785 1992
2984 1012 1598
2985 382 1463
2986 1694 240
2987 1608 243
2988 1823 48
2989 1303 1039
2990 479 1712
2991 1787 585
2992 1698 432
2993 1941 1301
2994 1731 1184
2995 1680 1784
2996 365 19
2997 935 1048
2998 1648 724
2999 786 1069
3000 519 2
3001 124 1676
3002 1091 47
3003 1449 866
3004 1389 1432
3005 458 1871
3006 1210 461
3007 1842 558
3008 1636 76
3009 1473 1458
3010 1879 400
3011 1432 293
3012 1931 1626
3013 1944 1544
3014 463 157
3015 1884 568
3016 784 822
3017 1428 550
3018 1025 558
3019 1692 1135
3020 210 1752
3021 1277 1092
3022 1175 634
3023 1754 279
3024 1050 807
3025 950 1540
3026 929 1063
3027 753 1261
3028 1401 1562
3029 1131 540
3030 1585 712
3031 1800 781
3032 350 417
3033 233 1395
3034 319 1847
3035 951 769
3036 1831 997
3037 860 179
3038 536 1797
3039 1563 1218
3040 1571 1093
3041 725 876
3042 1464 777
3043 485 1848
3044 756 1491
3045 1674 1945
3046 656 253
3047 1592 390
3048 1865 263
3049 303 328
3050 685 532
3051 355 1698
3052 1422 1163
3053 1856 1758
3054 1168 888
3055 1077 844
3056 218 436
3057 1649 1065
3058 462 1346
3059 1828 213
3060 1545 762
3061 599 1910
3062 963 894
3063 1714 437
3064 862 655
3065 1269 463
3066 1525 1250
3067 1468 461
3068 1426 1165
3069 1450 601
3070 1203 431
3071 324 1694
3072 1522 1611
3073 1902 1719
3074 26 1636
3075 504 504
3076 1639 796
3077 518 252
3078 417 1503
3079 1078 1276
3080 1703 813
3081 1329 1230
3082 1591 62
3083 485 390
3084 1215 1022
3085 1278 1175
3086 173 1627
3087 1583 225
3088 1334 714
3089 522 1749
3090 731 1217
3091 979 1002
3092 1279 960
3093 318 125
3094 471 590
3095 317 1597
3096 574 887
3097 931 1190
3098 1863 1335
3099 758 889
3100 423 1864
3101 1021 813
3102 1116 214
3103 1160 1220
3104 543 39
3105 1782 367
3106 1606 1089
3107 196 1975
3108 903 111
3109 1660 628
3110 929 919
3111 776 792
3112 818 365
3113 1568 1350
3114 1535 148
3115 913 1471
3116 354 1973
3117 446 58
3118 743 667
3119 1742 269
3120 1509 833
3121 1203 733
3122 1461 1063
3123 1875 1762
3124 1443 1699
3125 1848 947
3126 322 1908
3127 1462 821
3128 1419 123
3129 1634 226
3130 791 896
3131 1083 778
3132 617 254
3133 653 1452
3134 831 1367
3135 633 1072
3136 1286 765
3137 1030 382
3138 635 369
3139 363 387
3140 1733 175
3141 1146 226
3142 670 449
3143 1706 147
3144 1054 1231
3145 941 732
3146 1023 1232
3147 487 1674
3148 1995 1658
3149 367 1514
3150 846 1175
3151 667 305
3152 581 511
3153 1131 1071
3154 704 1877
3155 1098 830
3156 636 1180
3157 1892 1408
3158 1393 1219
3159 1208 932
3160 481 489
3161 1589 520
3162 1726 882
3163 1723 46
3164 1991 1311
3165 1384 178
3166 959 545
3167 401 1903
3168 1412 874
3169 1681 1127
3170 839 919
3171 1566 446
3172 1047 1416
3173 981 1444
3174 1247 930
3175 1459 1521
3176 1915 993
3177 1955 1360
3178 310 222
3179 1462 449
3180 1477 609
3181 1592 596
3182 419 363
3183 758 1271
3184 695 129
3185 1304 1138
3186 1750 1309
3187 1093 968
3188 1476 1522
3189 1533 466
3190 1582 737
3191 1053 1257
3192 437 1744
3193 187 1934
3194 1527 1569
3195 952 1007
3196 1009 1345
3197 920 1383
3198 935 855
3199 1689 1485
3200 863 1469
3201 554 1203
3202 1203 746
3203 394 92
3204 223 367
3205 1781 393
3206 1721 1592
3207 1947 1889
3208 115 666
3209 978 1078
3210 1670 1698
3211 570 1304
3212 1099 674
3213 1796 1018
3214 945 1662
3215 1291 1246
3216 681 928
3217 1744 1500
3218 246 184
3219 1645 1412
3220 88 11
3221 93 102
3222 306 1078
3223 267 250
3224 1706 1537
3225 1276 367
3226 1882 198
3227 865 1366
3228 606 1385
3229 1637 817
3230 1463 1831
3231 1856 1948
3232 48 577
3233 404 413
3234 1448 1149
3235 1368 1146
3236 1544 1070
3237 698 988
3238 1102 1209
3239 430 98
3240 1461 613
3241 1319 800
3242 247 1691
3243 284 1379
3244 1348 93
3245 99 1916
3246 1122 311
3247 123 1898
3248 1304 863
3249 745 1344
3250 257 311
3251 1014 1349
3252 1609 277
3253 1376 485
3254 525 1517
3255 1832 766
3256 760 1226
3257 1944 1326
3258 1412 1056
3259 357 116
3260 1349 1478
3261 1535 62
3262 1618 1711
3263 578 994
3264 1791 393
3265 391 1895
3266 278 1847
3267 529 261
3268 1453 1112
3269 1162 568
3270 525 371
3271 1793 4
3272 673 236
3273 1002 920
3274 1630 292
3275 463 580
3276 1522 1018
3277 1209 131
3278 1159 1024
3279 1576 347
3280 651 1379
3281 1428 1506
3282 773 735
3283 433 305
3284 1526 1721
3285 820 930
3286 566 1874
3287 262 1761
3288 1048 269
3289 439 1278
3290 346 1880
3291 510 301
3292 1493 409
3293 317 1888
3294 1773 327
3295 495 1657
3296 1849 455
3297 1643 498
3298 1347 1404
3299 1682 453
3300 1446 444
3301 446 126
3302 1619 95
3303 662 887
3304 359 1913
3305 671 1221
3306 673 970
3307 1332 1283
3308 1354 1492
3309 1577 643
3310 1574 1360
3311 1310 1099
3312 403 1924
3313 1866 724
3314 1490 1745
3315 1970 1229
3316 594 107
3317 642 78
3318 1417 405
3319 916 1383
3320 722 981
3321 415 407
3322 372 1941
3323 1613 217
3324 1034 826
3325 1261 1029
3326 324 254
3327 903 1005
3328 1845 460
3329 1407 1175
3330 1627 478
3331 1183 877
3332 620 1840
3333 322 389
3334 1662 1630
3335 1546 383
3336 417 375
3337 1031 602
3338 1658 569
3339 318 390
3340 180 1741
3341 575 248
3342 842 175
3343 1404 459
3344 411 252
3345 885 64
3346 1270 1163
3347 1330 1369
3348 954 1086
3349 728 924
3350 1779 184
3351 1230 1092
3352 1545 804
3353 1270 1007
3354 1146 297
3355 1689 1483
3356 1564 1304
3357 865 827
3358 1305 847
3359 1943 1664
3360 1163 476
3361 1494 500
3362 1713 447
3363 1466 423
3364 1575 1268
3365 773 570
3366 1746 1844
3367 1883 929
3368 1521 1844
3369 1482 455
3370 1890 1488
3371 729 1630
3372 1903 1093
3373 1394 224
3374 1926 1789
3375 1334 1207
3376 360 1934
3377 910 834
3378 853 1441
3379 541 1957
3380 1351 6
3381 819 345
3382 1416 560
3383 718 90
3384 576 54
3385 603 888
3386 651 1412
3387 1329 983
3388 1686 1421
3389 334 482
3390 1054 1420
3391 1158 708
3392 1832 298
3393 1500 33
3394 858 837
3395 1337 171
3396 1254 806
3397 361 365
3398 247 1750
3399 329 166
3400 829 749
3401 185 1783
3402 166 1996
3403 1315 640
3404 1175 991
3405 1654 467
3406 1406 347
3407 232 18
3408 1857 1463
3409 1467 702
3410 253 1915
3411 1282 1310
3412 1652 437
3413 1461 846
3414 1696 817
3415 1520 358
3416 1023 681
3417 1432 809
3418 1241 1196
3419 1560 183
3420 38 1783
3421 345 44
3422 360 584
3423 1508 523
3424 903 547
3425 464 224
3426 1793 192
3427 548 1962
3428 1146 323
3429 64 344
3430 992 1197
3431 107 1432
3432 1794 1412
3433 1568 1534
3434 1247 1074
3435 1369 1875
3436 486 1389
3437 1756 665
3438 1667 332
3439 1199 1290
3440 1779 1462
3441 237 1804
3442 531 1676
3443 1615 318
3444 1739 466
3445 842 472
3446 1916 1950
3447 934 67
3448 1070 877
3449 761 653
3450 1066 1109
3451 1965 1617
3452 542 285
3453 1122 746
3454 782 1193
3455 395 708
3456 624 102
3457 1153 666
3458 65 1864
3459 882 862
3460 519 333
3461 1277 456
3462 1596 782
3463 447 472
3464 897 988
3465 170 275
3466 80 299
3467 1788 985
3468 1823 778
3469 520 786
3470 1925 139
3471 1715 1772
3472 1399 1618
3473 1563 1044
3474 222 1198
3475 679 1898
3476 356 1529
3477 260 192
3478 393 1611
3479 1831 248
3480 1974 464
3481 1205 819
3482 1654 973
3483 245 280
3484 124 244
3485 1087 868
3486 1436 855
3487 1337 372
3488 1040 516
3489 1059 631
3490 682 810
3491 150 1865
3492 955 1171
3493 1724 384
3494 1962 1881
3495 205 1211
3496 290 1839
3497 1238 1112
3498 561 889
3499 989 842
3500 1536 1289
3501 918 840
3502 1582 1666
3503 199 1792
3504 1091 790
3505 1220 1315
3506 755 985
3507 1644 1242
3508 658 1414
3509 1365 1477
3510 1623 597
3511 432 972
3512 775 395
3513 1341 825
3514 855 939
3515 690 1167
3516 198 1982
3517 1835 314
3518 300 1767
3519 1507 1172
3520 375 1133
3521 84 1888
3522 1517 445
3523 1379 784
3524 314 1865
3525 1722 415
3526 659 1291
3527 213 1557
3528 231 1962
3529 391 542
3530 1204 588
3531 93 1687
3532 977 833
3533 1528 350
3534 951 1368
3535 1576 455
3536 1782 532
3537 1998 1530
3538 666 660
3539 1004 1006
3540 1771 457
3541 474 1077
3542 999 711
3543 1228 1135
3544 1414 1398
3545 375 465
3546 1711 1207
3547 1070 865
3548 420 1477
3549 365 243
3550 303 1334
3551 1406 527
3552 1883 525
3553 617 699
3554 1691 1255
3555 765 1256
3556 1786 1424
3557 1456 214
3558 1096 956
3559 331 1093
3560 690 88
3561 554 3
3562 978 1288
3563 307 327
3564 1093 1475
3565 819 1032
3566 1072 1409
3567 1107 213
3568 654 425
3569 513 833
3570 1831 1241
3571 882 1330
3572 1767 1286
3573 1589 993
3574 539 421
3575 1584 583
3576 1433 225
3577 558 264
3578 438 11
3579 1232 100
3580 1693 1523
3581 1481 244
3582 439 1567
3583 383 1486
3584 1592 1797
3585 492 271
3586 1524 414
3587 354 82
3588 277 1533
3589 1326 108
3590 1508 928
3591 1149 765
3592 1322 997
3593 473 1880
3594 498 1184
3595 681 1122
3596 1287 344
3597 719 1040
3598 1566 1631
3599 826 93
3600 1230 364
3601 333 125
3602 1525 1005
3603 381 578
3604 643 1703
3605 1752 1524
3606 1110 967
3607 1490 1577
3608 342 195
3609 1604 448
3610 170 157
3611 1711 1144
3612 1050 333
3613 484 301
3614 1526 165
3615 1296 718
3616 1509 1938
3617 1421 1097
3618 1728 586
3619 1944 782
3620 1024 942
3621 939 981
3622 1872 1197
3623 1036 933
3624 1718 1388
3625 1868 551
3626 1543 1311
3627 664 1201
3628 1989 1831
3629 358 195
3630 790 1088
3631 1784 76
3632 632 56
3633 1095 1095
3634 1250 1103
3635 1542 157
3636 1085 1161
3637 1253 621
3638 1829 13
3639 1587 452
3640 1735 427
3641 783 937
3642 313 1758
3643 1676 274
3644 1222 1309
3645 1886 1438
3646 1762 1602
3647 1526 460
3648 1332 384
3649 1092 419
3650 708 1453
3651 1209 197
3652 1520 1494
3653 1363 28
3654 1427 314
3655 1568 1246
3656 438 1217
3657 1690 1108
3658 135 1961
3659 1198 1070
3660 1538 234
3661 1248 1232
3662 1116 527
3663 1140 650
3664 1638 593
3665 1856 1632
3666 1484 367
3667 1787 451
3668 739 301
3669 1710 346
3670 1286 1187
3671 4 37
3672 1516 651
3673 1611 636
3674 1187 1214
3675 480 659
3676 445 363
3677 31 59
3678 559 1618
3679 721 257
3680 625 934
3681 1603 1317
3682 573 118
3683 516 1960
3684 229 458
3685 618 136
3686 1776 256
3687 327 1872
3688 1573 193
3689 1000 904
3690 840 1001
3691 1979 1539
3692 196 1940
3693 515 1730
3694 1482 688
3695 1496 453
3696 1531 203
3697 738 1504
3698 1868 1583
3699 1859 340
3700 1406 987
3701 1088 791
3702 1379 1329
3703 646 1367
3704 1797 492
3705 394 82
3706 759 1048
3707 811 260
3708 895 1021
3709 963 1235
3710 154 1930
3711 1236 847
3712 535 134
3713 387 236
3714 567 1092
3715 9 1722
3716 1919 1278
3717 1678 435
3718 1316 123
3719 1334 1023
3720 587 469
3721 1680 1571
3722 1119 812
3723 144 1335
3724 1398 867
3725 1048 766
3726 83 32
3727 681 1668
3728 1201 1277
3729 917 1402
3730 1611 495
3731 1067 1181
3732 1467 713
3733 239 1906
3734 1304 1225
3735 760 1578
3736 1472 1767
3737 436 1125
3738 383 43
3739 1426 629
3740 348 442
3741 719 82
3742 1977 1757
3743 305 652
3744 295 1722
3745 1816 1534
3746 1711 1554
3747 712 1188
3748 1327 884
3749 1666 589
3750 45 46
3751 180 1913
3752 1287 1102
3753 1119 197
3754 466 408
3755 1240 1144
3756 1504 306
3757 1665 1701
3758 1073 144
3759 1160 923
3760 41 65
3761 1926 962
3762 1271 1059
3763 71 1876
3764 1048 1075
3765 536 443
3766 1920 1310
3767 1387 814
3768 1260 1199
3769 414 1683
3770 1835 1454
3771 1481 1541
3772 1414 336
3773 529 276
3774 1673 1597
3775 1459 582
3776 882 1147
3777 1422 730
3778 1812 329
3779 190 1842
3780 1492 689
3781 1681 285
3782 1419 43
3783 1383 421
3784 730 769
3785 875 1597
3786 331 1912
3787 558 329
3788 1036 923
3789 1842 545
3790 1609 20
3791 1891 1530
3792 1516 1222
3793 1336 660
3794 604 947
3795 334 1929
3796 1543 648
3797 1472 457
3798 1417 1030
3799 1315 1272
3800 1067 539
3801 1007 1448
3802 1182 1166
3803 138 1890
3804 343 84
3805 411 1624
3806 691 1202
3807 55 293
3808 351 114
3809 1184 1018
3810 1329 565
3811 1358 945
3812 1137 513
3813 1114 861
3814 1020 297
3815 774 1524
3816 750 1375
3817 98 253
3818 665 1471
3819 1363 1155
3820 215 1603
3821 1649 342
3822 1665 879
3823 498 182
3824 147 1596
3825 527 1850
3826 1653 707
3827 1966 1896
3828 524 1137
3829 1274 468
3830 947 866
3831 1995 1744
3832 1613 1513
3833 595 1122
3834 1198 1144
3835 1101 1234
3836 1599 913
3837 1546 1345
3838 1038 1202
3839 928 416
3840 1234 787
3841 1470 75
3842 1952 1811
3843 1716 367
3844 1430 179
3845 1068 777
3846 1333 885
3847 1849 1524
3848 790 1101
3849 1804 322
3850 612 1503
3851 470 1809
3852 605 1217
3853 1677 1401
3854 1355 949
3855 1712 1990
3856 1577 862
3857 1126 649
3858 1164 1102
3859 1958 895
3860 699 708
3861 95 1489
3862 834 984
3863 1332 1136
3864 1673 330
3865 852 946
3866 838 662
3867 1838 1630
3868 244 1953
3869 1785 1604
3870 211 1585
3871 331 1711
3872 1867 1589
3873 1474 896
3874 1896 1425
3875 1044 696
3876 1208 931
3877 1461 1043
3878 734 183
3879 316 169
3880 1498 1373
3881 1021 1191
3882 1446 608
3883 1435 1094
3884 424 237
3885 1216 481
3886 1759 246
3887 1550 410
3888 1710 321
3889 897 693
3890 1496 1041
3891 1060 1134
3892 1058 1637
3893 336 1799
3894 1415 954
3895 1100 1016
3896 861 941
3897 1165 1135
3898 1605 1139
3899 1788 1536
3900 683 1080
3901 1162 284
3902 1788 946
3903 827 833
3904 1609 328
3905 927 1368
3906 440 452
3907 1828 43
3908 573 1330
3909 784 1003
3910 1107 497
3911 1202 928
3912 827 226
3913 752 655
3914 1535 1396
3915 1280 88
3916 196 1986
3917 343 153
3918 1887 515
3919 1258 680
3920 132 1768
3921 695 567
3922 1382 1701
3923 871 1070
3924 155 1781
3925 1661 1384
3926 1432 1563
3927 1022 915
3928 187 1693
3929 547 1921
3930 1015 986
3931 1556 1587
3932 761 1314
3933 1329 817
3934 1605 1228
3935 1131 971
3936 1710 1314
3937 1429 559
3938 1316 1051
3939 428 1375
3940 73 1583
3941 1811 1733
3942 1199 870
3943 863 158
3944 269 1225
3945 347 223
3946 1409 789
3947 1587 1033
3948 1798 386
3949 1626 117
3950 811 960
3951 373 259
3952 1330 491
3953 1503 1445
3954 1220 1231
3955 1786 1144
3956 776 462
3957 266 67
3958 1720 1300
3959 1838 1059
3960 993 950
3961 1983 314
3962 1066 425
3963 36 324
3964 1142 960
3965 1604 641
3966 1021 926
3967 1742 1997
3968 5 1576
3969 1515 1162
3970 1386 977
3971 189 1748
3972 1844 1863
3973 836 1553
3974 177 1723
3975 1239 739
3976 1468 1493
3977 690 1313
3978 1285 1341
3979 961 1270
3980 913 628
3981 918 1276
3982 684 1506
3983 632 373
3984 291 246
3985 126 1656
3986 1335 961
3987 868 1480
3988 236 80
3989 1367 734
3990 1519 483
3991 598 1050
3992 1873 1977
3993 1925 213
3994 1897 437
3995 1806 614
3996 994 1042
3997 1648 361
3998 524 310
3999 855 1062
4000 1580 1717
4001 424 1802
4002 639 182
4003 1870 153
4004 1452 1288
4005 1608 1358
4006 1403 1124
4007 226 1686
4008 961 635
4009 1024 389
4010 1023 1017
4011 675 798
4012 647 158
4013 1748 343
4014 352 329
4015 604 1733
4016 553 1175
4017 488 322
4018 1659 1340
4019 1835 357
4020 390 124
4021 810 302
4022 977 772
4023 1143 1302
4024 420 1730
4025 1506 618
4026 1091 1024
4027 400 54
4028 1713 432
4029 1775 610
4030 829 569
4031 1457 467
4032 1543 452
4033 1471 1401
4034 1491 1361
4035 1930 530
4036 1180 524
4037 368 210
4038 1298 921
4039 1395 1213
4040 228 512
4041 1725 1541
4042 1450 1329
4043 127 1836
4044 1737 590
4045 805 1098
4046 288 1889
4047 1134 1079
4048 307 1802
4049 249 758
4050 1119 1267
4051 265 1638
4052 1347 558
4053 746 325
4054 307 873
4055 997 929
4056 720 402
4057 1125 715
4058 1041 1179
4059 1248 1156
4060 1711 277
4061 460 177
4062 1204 864
4063 1683 56
4064 1457 268
4065 1720 587
4066 39 24
4067 1409 1291
4068 824 980
4069 1430 966
4070 1600 515
4071 1632 253
4072 775 1501
4073 1450 1172
4074 574 1041
4075 753 1282
4076 333 109
4077 1589 626
4078 1096 1414
4079 776 878
4080 1260 764
4081 1614 162
4082 1514 1720
4083 1795 1036
4084 1466 1097
4085 1224 527
4086 766 1438
4087 971 1123
4088 1731 1562
4089 997 907
4090 1698 312
4091 1155 157
4092 1296 1179
4093 1041 859
4094 1627 1317
4095 1844 714
4096 73 1853
4097 222 1840
4098 1744 276
4099 212 1303
4100 278 610
4101 120 1671
4102 1020 926
4103 1136 653
4104 1291 827
4105 1052 837
4106 823 984
4107 237 1939
4108 156 1872
4109 1133 23
4110 880 926
4111 656 1068
4112 939 927
4113 337 1124
4114 1291 717
4115 1148 1198
4116 389 1123
4117 1104 745
4118 1708 496
4119 652 316
4120 1567 1481
4121 511 1572
4122 387 1842
4123 1965 759
4124 1169 731
4125 1587 553
4126 1199 884
4127 1521 1179
4128 1080 1057
4129 917 498
4130 782 1237
4131 84 245
4132 1474 1180
4133 757 1028
4134 1577 1231
4135 1524 1384
4136 1589 895
4137 1815 1760
4138 1571 64
4139 110 1987
4140 1573 247
4141 898 1348
4142 1166 1090
4143 1745 1240
4144 1839 1553
4145 1862 1692
4146 664 1663
4147 770 1156
4148 1696 1021
4149 1101 654
4150 1531 1873
4151 1381 956
4152 516 137
4153 1582 324
4154 1853 316
4155 620 993
4156 1236 152
4157 523 1259
4158 1555 403
4159 1934 1701
4160 1280 589
4161 1319 1253
4162 249 1832
4163 1742 436
4164 1507 136
4165 1862 746
4166 873 672
4167 361 176
4168 1810 387
4169 828 1462
4170 551 1828
4171 1768 553
4172 400 1259
4173 1468 582
4174 1542 1243
4175 1549 953
4176 1153 1172
4177 1883 1618
4178 577 440
4179 492 955
4180 649 481
4181 1435 912
4182 1016 714
4183 919 1153
4184 854 251
4185 1580 872
4186 1880 1162
4187 355 178
4188 997 42
4189 129 1775
4190 101 311
4191 1843 1826
4192 330 409
4193 1075 831
4194 1077 282
4195 1520 1688
4196 665 206
4197 1078 1287
4198 1001 527
4199 40 202
4200 323 928
4201 190 1884
4202 953 569
4203 1370 1598
4204 526 134
4205 1111 1209
4206 825 431
4207 1555 1591
4208 115 371
4209 1899 709
4210 1537 837
4211 1450 508
4212 900 46
4213 1451 760
4214 1300 1332
4215 943 206
4216 811 981
4217 143 1797
4218 93 1681
4219 338 1822
4220 1367 248
4221 1590 226
4222 1209 1368
4223 1401 777
4224 298 40
4225 1428 1070
4226 954 940
4227 1631 60
4228 1302 442
4229 889 784
4230 1210 924
4231 1169 1240
4232 795 752
4233 407 303
4234 1435 251
4235 1553 485
4236 1602 368
4237 1799 1487
4238 1692 470
4239 1355 1307
4240 1504 428
4241 1226 749
4242 905 1167
4243 125 1530
4244 1424 311
4245 955 1030
4246 1516 163
4247 599 1281
4248 817 1280
4249 1470 740
4250 240 464
4251 482 1441
4252 1589 398
4253 1247 1258
4254 632 1368
4255 202 1161
4256 735 337
4257 607 484
4258 517 111
4259 1015 1150
4260 1812 1711
4261 1300 889
4262 429 1894
4263 1204 1013
4264 1376 1464
4265 476 214
4266 1025 1166
4267 1621 145
4268 1999 1328
4269 310 1804
4270 758 644
4271 1497 1915
4272 1039 1411
4273 141 142
4274 1239 168
4275 866 1385
4276 897 1017
4277 1706 1571
4278 1283 789
4279 288 454
4280 788 400
4281 1858 302
4282 1164 39
4283 1673 412
4284 104 274
4285 311 1536
4286 724 1338
4287 692 18
4288 1769 324
4289 1145 447
4290 57 112
4291 1020 588
4292 617 375
4293 1649 166
4294 1786 1405
4295 1826 284
4296 1169 1266
4297 1986 608
4298 1154 1021
4299 1632 1463
4300 1585 550
4301 1690 1224
4302 774 760
4303 1376 287
4304 1353 797
4305 1319 220
4306 1187 736
4307 424 339
4308 1407 72
4309 335 285
4310 1360 854
4311 1948 1562
4312 224 260
4313 410 361
4314 1763 1259
4315 1699 1555
4316 1422 550
4317 1364 464
4318 8 1817
4319 960 546
4320 761 114
4321 477 1331
4322 1795 1333
4323 1374 738
4324 1825 168
4325 1119 571
4326 1034 1038
4327 1413 1292
4328 964 936
4329 1102 1203
4330 1938 419
4331 729 1553
4332 1115 1034
4333 188 1744
4334 384 1251
4335 426 564
4336 693 347
4337 1312 989
4338 1788 1791
4339 1770 1240
4340 1499 1394
4341 448 1023
4342 1537 176
4343 1644 833
4344 1426 564
4345 1937 1229
4346 1077 976
4347 815 749
4348 47 1923
4349 953 1099
4350 1267 947
4351 992 1658
4352 673 1517
4353 1330 1167
4354 1865 1747
4355 1170 1139
4356 1758 1510
4357 840 1276
4358 938 746
4359 1721 1609
4360 1554 631
4361 814 1421
4362 1102 718
4363 840 314
4364 1188 645
4365 623 379
4366 724 1056
4367 1831 1400
4368 581 1196
4369 849 918
4370 761 540
4371 166 276
4372 842 403
4373 629 391
4374 389 1850
4375 1567 892
4376 1032 308
4377 1570 854
4378 1580 330
4379 1458 528
4380 1844 435
4381 1186 596
4382 1281 1283
4383 1301 499
4384 542 1926
4385 1788 1219
4386 1521 145
4387 1332 1577
4388 725 673
4389 1153 862
4390 1560 61
4391 1545 1277
4392 1685 1393
4393 1380 961
4394 1681 1961
4395 1325 973
4396 1414 908
4397 1473 1412
4398 1380 1312
4399 1001 986
4400 1281 657
4401 1379 1142
4402 1322 949
4403 1998 1667
4404 472 551
4405 1301 574
4406 160 1830
4407 470 391
4408 1252 498
4409 1082 660
4410 725 1028
4411 1549 494
4412 1810 1754
4413 1687 677
4414 741 965
4415 1437 1863
4416 1981 1282
4417 1204 1300
4418 253 1384
4419 1984 1338
4420 817 770
4421 1937 1462
4422 1057 1103
4423 555 583
4424 1320 897
4425 626 1398
4426 359 1824
4427 1699 177
4428 1747 1668
4429 1080 567
4430 1745 75
4431 1460 398
4432 467 1734
4433 1056 1179
4434 1594 1720
4435 287 123
4436 615 1136
4437 88 1676
4438 1157 1253
4439 1446 938
4440 768 1284
4441 440 1511
4442 844 1301
4443 639 1866
4444 1366 128
4445 1139 1328
4446 1828 1258
4447 550 1242
4448 301 130
4449 1938 748
4450 1804 376
4451 1501 1400
4452 1777 1764
4453 1398 20
4454 1283 1107
4455 1392 550
4456 1670 1309
4457 52 1937
4458 410 331
4459 1100 1071
4460 1504 506
4461 807 766
4462 182 72
4463 1868 1848
4464 1091 760
4465 1856 46
4466 1587 1089
4467 1367 1309
4468 1639 301
4469 469 1772
4470 1771 1615
4471 1262 14
4472 1330 607
4473 73 1660
4474 1837 1209
4475 834 1169
4476 1788 1564
4477 1262 1208
4478 967 987
4479 1409 1163
4480 24 356
4481 559 188
4482 1827 1654
4483 787 598
4484 1819 1544
4485 520 94
4486 1567 1832
4487 97 117
4488 119 222
4489 1432 1430
4490 347 1043
4491 459 717
4492 1702 286
4493 110 1961
4494 1350 672
4495 1484 248
4496 534 406
4497 1147 1078
4498 278 1383
4499 244 70
4500 1520 1001
4501 608 649
4502 534 119
4503 1895 1317
4504 396 1848
4505 1280 535
4506 1268 1293
4507 230 1368
4508 496 1691
4509 417 1150
4510 1417 1579
4511 920 430
4512 859 158
4513 1787 1332
4514 1587 446
4515 468 1807
4516 1198 1331
4517 1910 414
4518 1622 350
4519 282 1099
4520 731 1133
4521 1283 1120
4522 744 1424
4523 1463 298
4524 651 1794
4525 1908 1447
4526 1096 1233
4527 1692 309
4528 210 1863
4529 1328 446
4530 431 140
4531 1663 334
4532 1698 1374
4533 204 1992
4534 1299 1154
4535 1497 477
4536 114 195
4537 183 3
4538 1515 1321
4539 294 380
4540 1626 217
4541 1818 73
4542 1728 123
4543 1727 1612
4544 1026 925
4545 1714 579
4546 1038 219
4547 585 57
4548 1342 726
4549 145 166
4550 1913 571
4551 1381 1073
4552 1476 1674
4553 1722 453
4554 1798 411
4555 582 1265
4556 1856 375
4557 823 476
4558 543 237
4559 1090 1168
4560 1101 320
4561 691 1105
4562 1470 969
4563 165 1924
4564 378 155
4565 729 1010
4566 872 794
4567 341 376
4568 505 194
4569 197 559
4570 1691 357
4571 669 55
4572 554 1681
4573 100 1858
4574 1210 1243
4575 216 1712
4576 781 1261
4577 428 241
4578 407 1789
4579 1191 1041
4580 1264 975
4581 1765 479
4582 1460 242
4583 1827 175
4584 1195 706
4585 1008 1161
4586 1727 87
4587 472 1783
4588 644 149
4589 1872 680
4590 1742 326
4591 1662 1509
4592 1690 953
4593 337 380
4594 1455 634
4595 1170 1001
4596 1879 381
4597 1761 495
4598 1006 1012
4599 187 1552
4600 242 1751
4601 959 1440
4602 946 240
4603 564 1206
4604 578 1824
4605 1956 1449
4606 553 1549
4607 1313 1322
4608 1436 318
4609 1345 497
4610 1682 518
4611 73 1861
4612 109 285
4613 1559 1671
4614 197 1988
4615 882 717
4616 1288 583
4617 492 270
4618 618 162
4619 529 1341
4620 626 1146
4621 17 1904
4622 216 128
4623 1859 159
4624 1749 1615
4625 1535 600
4626 599 304
4627 54 127
4628 1247 1508
4629 987 1269
4630 1551 343
4631 1556 1372
4632 1741 621
4633 1596 1562
4634 1394 1210
4635 1462 258
4636 1919 346
4637 1422 257
4638 149 127
4639 51 224
4640 54 1703
4641 1184 286
4642 832 1140
4643 1717 143
4644 1236 984
4645 929 846
4646 1652 1772
4647 1913 1707
4648 264 1771
4649 963 1043
4650 256 1838
4651 518 1440
4652 1574 270
4653 1994 226
4654 321 698
4655 872 1001
4656 1179 1070
4657 1348 450
4658 448 146
4659 1161 980
4660 1791 1934
4661 654 1322
4662 485 603
4663 1654 638
4664 1250 1296
4665 1761 1898
4666 339 1673
4667 1273 712
4668 1276 541
4669 1413 275
4670 417 1856
4671 1076 954
4672 206 81
4673 1768 704
4674 1215 392
4675 1104 1313
4676 1901 735
4677 1621 649
4678 168 580
4679 491 103
4680 1664 1269
4681 449 1894
4682 266 1644
4683 422 1668
4684 1143 105
4685 861 379
4686 1017 920
4687 747 305
4688 1482 961
4689 1749 570
4690 217 1764
4691 425 1177
4692 438 351
4693 364 1638
4694 300 1589
4695 264 1971
4696 1617 965
4697 100 180
4698 1777 656
4699 580 409
4700 1892 1844
4701 200 485
4702 502 1742
4703 1293 619
4704 890 1206
4705 332 1867
4706 678 1701
4707 97 1657
4708 1066 763
4709 1677 956
4710 777 1152
4711 803 1335
4712 1249 822
4713 1103 627
4714 244 388
4715 524 12
4716 589 1016
4717 177 1957
4718 943 1128
4719 1574 1256
4720 1988 454
4721 269 285
4722 693 275
4723 809 903
4724 1196 573
4725 1648 1097
4726 1844 334
4727 1029 480
4728 402 402
4729 589 1839
4730 301 1787
4731 373 337
4732 1736 430
4733 1985 1409
4734 928 112
4735 1629 492
4736 1606 1232
4737 1676 182
4738 1302 1124
4739 1621 1576
4740 1643 120
4741 342 395
4742 430 1487
4743 413 1893
4744 528 1714
4745 1665 131
4746 956 1172
4747 1604 806
4748 368 95
4749 206 1561
4750 1243 974
4751 1463 96
4752 1180 272
4753 694 220
4754 821 1372
4755 1798 541
4756 1556 351
4757 1255 1406
4758 1801 1168
4759 853 799
4760 1506 94
4761 1167 1323
4762 535 394
4763 53 102
4764 301 1451
4765 790 839
4766 455 194
4767 368 1661
4768 1868 143
4769 1503 1302
4770 1692 1478
4771 293 1897
4772 1701 375
4773 385 1905
4774 1144 622
4775 427 1947
4776 1120 862
4777 1800 1642
4778 1949 730
4779 1526 855
4780 76 1879
4781 1457 453
4782 1750 1377
4783 163 1848
4784 404 121
4785 1191 1109
4786 1645 217
4787 1838 784
4788 1431 1100
4789 236 1560
4790 1447 1710
4791 1482 876
4792 1789 423
4793 425 313
4794 1474 1560
4795 1472 1170
4796 701 810
4797 1464 1145
4798 532 940
4799 1615 717
4800 677 1354
4801 1118 402
4802 675 1528
4803 1487 1015
4804 568 1382
4805 511 265
4806 892 458
4807 144 1855
4808 1409 1038
4809 1653 111
4810 1383 1202
4811 214 62
4812 199 1763
4813 188 1472
4814 1216 583
4815 274 1379
4816 1575 922
4817 15 331
4818 1465 343
4819 1291 686
4820 1746 1743
4821 564 1825
4822 1454 352
4823 281 996
4824 840 834
4825 1842 290
4826 1715 1745
4827 786 976
4828 700 1498
4829 522 7
4830 1942 1348
4831 1073 921
4832 1853 1434
4833 1398 1657
4834 662 1663
4835 663 691
4836 1305 1143
4837 1430 70
4838 924 191
4839 1082 833
4840 253 1745
4841 1186 821
4842 860 998
4843 1582 978
4844 1502 302
4845 1884 1720
4846 1745 1207
4847 1411 1057
4848 1317 1244
4849 1680 473
4850 1064 1382
4851 1517 520
4852 1496 1310
4853 792 213
4854 1775 1324
4855 709 442
4856 1962 1275
4857 661 1619
4858 1976 1644
4859 1760 49
4860 164 1731
4861 850 1398
4862 1760 319
4863 1007 1396
4864 1550 262
4865 1722 1232
4866 487 1700
4867 1032 649
4868 1426 381
4869 1185 970
4870 509 1828
4871 1349 707
4872 382 436
4873 1828 1758
4874 441 1031
4875 390 1844
4876 1582 490
4877 621 1396
4878 1591 1301
4879 1190 858
4880 1614 1638
4881 1605 135
4882 591 345
4883 1151 824
4884 855 94
4885 457 1216
4886 271 68
4887 576 109
4888 1612 1702
4889 858 1075
4890 1194 1169
4891 759 659
4892 1110 369
4893 1913 1593
4894 737 1204
4895 155 1571
4896 1016 1182
4897 1054 1022
4898 542 1140
4899 49 45
4900 500 1811
4901 423 258
4902 101 1810
4903 1440 1014
4904 1306 949
4905 1092 1024
4906 424 135
4907 1588 739
4908 160 44
4909 505 1534
4910 120 1988
4911 1514 1202
4912 302 1811
4913 1240 808
4914 1380 794
4915 1391 1237
4916 741 1215
4917 884 58
4918 1404 1099
4919 1254 857
4920 1726 1494
4921 1789 828
4922 1339 341
4923 771 1425
4924 839 1070
4925 1209 958
4926 1465 295
4927 1057 1039
4928 1986 1734
4929 559 1655
4930 628 1313
4931 1544 168
4932 823 971
4933 1193 912
4934 576 1346
4935 486 1035
4936 734 1179
4937 1275 1118
4938 1105 951
4939 1336 1513
4940 1090 685
4941 1613 1728
4942 767 1702
4943 524 1614
4944 253 1914
4945 1761 1576
4946 466 1226
4947 527 84
4948 182 223
4949 1694 628
4950 1565 54
4951 634 1682
4952 1454 567
4953 1127 1044
4954 1778 1336
4955 802 252
4956 869 1386
4957 1539 268
4958 1406 291
4959 491 578
4960 1103 970
4961 1699 1162
4962 1022 481
4963 1472 1046
4964 1893 1830
4965 610 1524
4966 1107 1509
4967 1309 834
4968 1563 1431
4969 1149 750
4970 667 1353
4971 1208 226
4972 960 526
4973 303 308
4974 815 1215
4975 336 1445
4976 561 64
4977 756 422
4978 1690 592
4979 305 1399
4980 945 525
4981 1819 430
4982 1196 564
4983 656 1720
4984 782 711
4985 852 1157
4986 1597 327
4987 641 590
4988 863 1452
4989 1038 478
4990 1066 998
4991 1633 1079
4992 175 1719
4993 1702 618
4994 1500 544
4995 622 1215
4996 1439 263
4997 863 1295
4998 1739 1883
4999 1858 186
5000 1062 633
5001 1326 947
5002 378 626
5003 1930 1644
5004 824 875
5005 495 1515
5006 1028 924
5007 1513 1156
5008 1844 1819
5009 445 1793
5010 1029 170
5011 1261 990
5012 797 632
5013 523 244
5014 1049 1076
5015 1394 1772
5016 1919 1274
5017 725 1246
5018 763 1250
5019 1843 1453
5020 1273 1112
5021 554 1506
5022 1795 1594
5023 1908 804
5024 1828 1386
5025 294 365
5026 1374 181
5027 712 1173
5028 226 1346
5029 1611 996
5030 922 1421
5031 1717 1643
5032 1449 147
5033 464 11
5034 1523 938
5035 669 1106
5036 1617 197
5037 1585 654
5038 733 845
5039 1973 1952
5040 358 1801
5041 1697 958
5042 1495 108
5043 1361 1619
5044 1380 478
5045 1805 941
5046 1928 1063
5047 821 755
5048 877 41
5049 1618 1203
5050 656 1301
5051 736 1889
5052 454 1758
5053 1830 211
5054 905 1277
5055 142 1674
5056 1646 1503
5057 1884 1272
5058 759 1223
5059 1105 713
5060 1472 132
5061 359 286
5062 188 421
5063 1760 1612
5064 1119 1178
5065 1885 1857
5066 901 1145
5067 396 1571
5068 675 970
5069 1887 1206
5070 953 1490
5071 1312 1114
5072 1569 189
5073 161 357
5074 1641 368
5075 58 1794
5076 1529 221
5077 1699 1249
5078 1815 1613
5079 1737 778
5080 582 164
5081 143 106
5082 862 540
5083 331 1998
5084 1580 52
5085 1071 992
5086 1665 1651
5087 874 937
5088 1149 800
5089 1630 1280
5090 636 230
5091 1519 776
5092 1973 387
5093 1237 427
5094 1625 302
5095 491 1905
5096 887 1099
5097 1862 1346
5098 1442 979
5099 131 1463
5100 1313 905
5101 1469 880
5102 881 497
5103 1232 457
5104 273 1529
5105 1272 967
5106 1459 1535
5107 1868 1436
5108 1337 652
5109 1825 1269
5110 1407 1081
5111 1351 1249
5112 1853 722
5113 552 232
5114 1016 817
5115 1717 124
5116 1299 1112
5117 980 1512
5118 673 187
5119 617 1088
5120 457 1794
5121 397 38
5122 1244 968
5123 948 1089
5124 1426 363
5125 43 411
5126 1659 1155
5127 414 1658
5128 469 1559
5129 978 797
5130 638 1239
5131 1065 1381
5132 1610 1098
5133 165 360
5134 442 1424
5135 674 143
5136 788 1460
5137 1040 1006
5138 895 950
5139 824 185
5140 588 662
5141 532 1290
5142 316 64
5143 1191 448
5144 576 1751
5145 1386 946
5146 1326 398
5147 954 1094
5148 781 1312
5149 1035 1212
5150 477 279
5151 1773 245
5152 1676 1094
5153 333 1422
5154 812 742
5155 1384 1116
5156 857 747
5157 683 431
5158 1162 1125
5159 1845 377
5160 1099 1142
5161 703 266
5162 1803 1129
5163 1378 522
5164 496 1987
5165 1062 392
5166 241 1654
5167 95 1869
5168 794 578
5169 1465 301
5170 693 333
5171 1786 417
5172 1001 877
5173 1756 714
5174 150 376
5175 339 1462
5176 428 185
5177 1113 771
5178 420 1815
5179 1753 1301
5180 429 18
5181 1795 1626
5182 719 1358
5183 668 397
5184 325 1830
5185 669 603
5186 868 526
5187 1200 1264
5188 1334 480
5189 957 805
5190 406 1477
5191 750 170
5192 583 354
5193 654 67
5194 94 1980
5195 1603 489
5196 1034 611
5197 1302 1210
5198 1353 434
5199 529 1687
5200 45 187
5201 549 1260
5202 570 651
5203 1588 1384
5204 1893 1292
5205 483 1794
5206 1737 615
5207 1202 1193
5208 1791 221
5209 1658 472
5210 1024 830
5211 1939 938
5212 1714 1180
5213 1474 84
5214 1903 281
5215 1640 217
5216 1221 654
5217 1588 1577
5218 1264 826
5219 1263 1080
5220 1120 1023
5221 1840 451
5222 831 305
5223 1867 1741
5224 922 1469
5225 1084 1135
5226 989 912
5227 1169 864
5228 933 688
5229 1563 1506
5230 1861 483
5231 898 872
5232 1476 1294
5233 999 835
5234 324 267
5235 1118 1380
5236 610 59
5237 1949 1223
5238 1200 241
5239 937 1409
5240 624 1340
5241 526 464
5242 1700 1343
5243 96 1682
5244 25 401
5245 1279 587
5246 280 1536
5247 237 47
5248 1571 1824
5249 1348 772
5250 193 86
5251 1039 727
5252 219 491
5253 1449 85
5254 1243 748
5255 122 78
5256 1078 4
5257 1912 1477
5258 757 1205
5259 1524 1136
5260 1787 718
5261 1681 1376
5262 789 522
5263 396 1636
5264 1312 513
5265 841 581
5266 1362 946
5267 1652 1629
5268 1679 1618
5269 1431 512
5270 309 1830
5271 147 589
5272 482 1710
5273 1421 1531
5274 684 1769
5275 898 886
5276 1267 104
5277 1246 522
5278 1241 952
5279 193 449
5280 453 1546
5281 1900 1670
5282 395 53
5283 1442 684
5284 1791 170
5285 1954 291
5286 484 131
5287 347 1694
5288 781 1026
5289 1163 1365
5290 1808 233
5291 507 1370
5292 893 220
5293 966 581
5294 1240 1104
5295 664 332
5296 1171 1048
5297 913 929
5298 742 1222
5299 1295 1150
5300 1934 96
5301 1413 1332
5302 919 1211
5303 1601 1411
5304 895 538
5305 1149 482
5306 1068 729
5307 1371 305
5308 776 1639
5309 553 682
5310 1790 1154
5311 746 1285
5312 707 199
5313 724 101
5314 1525 1529
5315 1506 1721
5316 350 215
5317 1562 1244
5318 182 144
5319 799 740
5320 1590 1673
5321 1342 1069
5322 810 572
5323 1551 16
5324 1236 617
5325 520 348
5326 1677 13
5327 1448 734
5328 725 376
5329 1477 176
5330 1722 549
5331 458 27
5332 563 254
5333 498 122
5334 179 1739
5335 273 1950
5336 1268 946
5337 1423 1000
5338 1569 3
5339 1958 1172
5340 1495 956
5341 1143 1004
5342 1067 917
5343 1198 698
5344 1115 1082
5345 545 360
5346 962 846
5347 1556 334
5348 1743 1095
5349 1756 1355
5350 222 1826
5351 1238 1129
5352 1346 1424
5353 138 116
5354 370 1860
5355 1344 688
5356 652 1468
5357 1750 421
5358 733 70
5359 1888 1706
5360 314 162
5361 1433 224
5362 1888 745
5363 1178 620
5364 670 919
5365 1510 499
5366 1499 750
5367 547 952
5368 458 1648
5369 1337 575
5370 885 1056
5371 503 1431
5372 1561 591
5373 726 1106
5374 607 126
5375 646 751
5376 284 1951
5377 875 585
5378 1266 856
5379 1164 972
5380 1251 901
5381 1115 1260
5382 705 366
5383 1273 429
5384 50 314
5385 173 1704
5386 590 1196
5387 832 1414
5388 1978 276
5389 1155 942
5390 1016 993
5391 1871 697
5392 841 979
5393 1652 1110
5394 566 253
5395 305 420
5396 708 1579
5397 1032 903
5398 1042 945
5399 859 499
5400 1873 1816
5401 1432 898
5402 1020 1614
5403 507 1456
5404 1467 198
5405 1934 1813
5406 1438 535
5407 1094 361
5408 862 1035
5409 580 1266
5410 1841 452
5411 1322 1249
5412 1635 1307
5413 1589 1155
5414 1781 165
5415 1820 406
5416 511 1362
5417 196 1865
5418 915 1432
5419 1011 400
5420 1897 1686
5421 1739 121
5422 357 237
5423 1047 564
5424 927 944
5425 1345 1221
5426 746 501
5427 167 166
5428 1817 200
5429 1379 1290
5430 87 1832
5431 687 1326
5432 6 110
5433 1169 275
5434 213 1277
5435 181 1626
5436 149 390
5437 130 1670
5438 91 1963
5439 359 1822
5440 1837 1800
5441 662 1225
5442 1034 1419
5443 306 1841
5444 317 1496
5445 1052 892
5446 806 1014
5447 878 812
5448 1021 623
5449 157 1649
5450 870 831
5451 730 1255
5452 1659 310
5453 402 1739
5454 403 938
5455 1191 1367
5456 1879 1380
5457 296 1754
5458 459 1501
5459 324 89
5460 34 7
5461 883 273
5462 933 1371
5463 1302 1114
5464 425 1412
5465 1462 115
5466 951 1175
5467 626 341
5468 1146 1338
5469 702 1212
5470 34 442
5471 1789 1104
5472 232 334
5473 435 242
5474 676 1316
5475 1377 626
5476 1641 1617
5477 1827 1487
5478 86 1797
5479 1249 1412
5480 1544 1601
5481 737 641
5482 1889 524
5483 1280 60
5484 475 1807
5485 1327 835
5486 1783 1384
5487 213 1967
5488 1415 496
5489 221 1214
5490 258 37
5491 1322 1207
5492 289 1734
5493 1540 1255
5494 1687 36
5495 795 972
5496 413 82
5497 1979 1728
5498 352 1951
5499 1335 379
5500 507 1883
5501 1673 1474
5502 1894 1539
5503 935 673
5504 1750 1783
5505 194 370
5506 919 1576
5507 1823 881
5508 1287 1490
5509 722 707
5510 1557 287
5511 13 115
5512 1115 800
5513 355 216
5514 893 760
5515 1631 1886
5516 1477 828
5517 660 1044
5518 424 1081
5519 909 1595
5520 1680 659
5521 1820 1732
5522 1627 1832
5523 1958 1861
5524 753 1030
5525 1235 651
5526 1655 497
5527 1514 927
5528 1898 687
5529 258 1549
5530 587 90
5531 207 68
5532 1956 1930
5533 421 255
5534 1426 816
5535 1835 428
5536 381 184
5537 1489 351
5538 1371 1220
5539 1584 1548
5540 1078 1204
5541 1721 1685
5542 1445 1451
5543 473 1214
5544 696 1069
5545 1759 1409
5546 1067 1121
5547 619 190
5548 1617 1265
5549 401 1837
5550 1713 187
5551 1887 853
5552 350 1774
5553 911 564
5554 1396 204
5555 1581 1566
5556 671 709
5557 942 973
5558 1053 1075
5559 497 264
5560 610 186
5561 638 1727
5562 473 459
5563 351 162
5564 455 1304
5565 1250 1343
5566 1777 1698
5567 483 1768
5568 775 398
5569 1564 1168
5570 677 1695
5571 650 1084
5572 1004 770
5573 1511 715
5574 1593 725
5575 1682 231
5576 291 1354
5577 1280 1239
5578 222 49
5579 307 1442
5580 1575 1489
5581 645 1448
5582 1389 987
5583 1450 527
5584 1523 463
5585 332 452
5586 1140 820
5587 1854 1055
5588 1764 646
5589 1886 1312
5590 1665 1206
5591 460 1595
5592 470 1395
5593 486 297
5594 1360 264
5595 1610 327
5596 195 1693
5597 1473 1063
5598 1146 1062
5599 1667 137
5600 929 298
5601 343 1531
5602 1172 87
5603 444 289
5604 680 673
5605 52 116
5606 705 1458
5607 736 765
5608 1408 646
5609 956 1153
5610 498 1855
5611 1981 502
5612 562 1635
5613 1414 1196
5614 759 716
5615 555 765
5616 1529 1485
5617 555 1466
5618 1112 883
5619 561 414
5620 881 1091
5621 355 1270
5622 261 242
5623 1317 1325
5624 1835 506
5625 140 1838
5626 1862 1679
5627 1455 1012
5628 1059 849
5629 480 1673
5630 861 873
5631 1651 17
5632 1576 494
5633 526 97
5634 975 1357
5635 1544 541
5636 19 1743
5637 1854 288
5638 643 1305
5639 1055 1109
5640 72 1582
5641 359 4
5642 1229 1177
5643 1322 3
5644 1781 617
5645 1216 988
5646 669 363
5647 1410 546
5648 784 422
5649 0 1934
5650 391 1881
5651 520 598
5652 535 1607
5653 199 1298
5654 1308 1261
5655 212 479
5656 1629 1033
5657 1792 572
5658 1154 1147
5659 1266 374
5660 1211 886
5661 1915 1271
5662 1346 208
5663 312 1857
5664 737 787
5665 349 1248
5666 673 348
5667 378 130
5668 1751 1168
5669 1022 433
5670 1744 282
5671 416 141
5672 216 64
5673 208 1781
5674 1734 1530
5675 971 689
5676 1538 1358
5677 1179 237
5678 1844 1557
5679 174 181
5680 574 482
5681 619 390
5682 1110 1080
5683 1496 865
5684 789 1065
5685 1396 1556
5686 361 1832
5687 1307 1201
5688 773 967
5689 270 1383
5690 346 1111
5691 1686 1534
5692 1999 1633
5693 1696 1876
5694 1040 989
5695 536 306
5696 940 679
5697 1362 679
5698 1627 1633
5699 1402 1544
5700 682 104
5701 839 1363
5702 1034 790
5703 648 1333
5704 1638 1266
5705 1561 1059
5706 903 1187
5707 1783 234
5708 498 657
5709 760 16
5710 1329 890
5711 362 4
5712 1332 1044
5713 1811 513
5714 1033 471
5715 573 193
5716 1710 1256
5717 333 156
5718 637 1580
5719 1542 1421
5720 1624 299
5721 1414 1608
5722 887 1029
5723 797 644
5724 805 194
5725 651 1393
5726 444 1663
5727 1235 1132
5728 1338 695
5729 1342 1019
5730 641 1478
5731 722 1503
5732 229 1939
5733 1929 640
5734 547 77
5735 1661 285
5736 874 1223
5737 1299 823
5738 1499 512
5739 104 1884
5740 1785 135
5741 141 63
5742 162 1644
5743 365 1772
5744 93 1893
5745 183 172
5746 1564 1112
5747 1065 1238
5748 1284 1076
5749 1429 1289
5750 141 183
5751 114 1703
5752 1914 1508
5753 1886 694
5754 1157 397
5755 1863 1843
5756 1868 1157
5757 411 152
5758 1394 239
5759 768 282
5760 1541 531
5761 730 1194
5762 1726 1048
5763 112 114
5764 733 1071
5765 7 288
5766 1812 1849
5767 1422 338
5768 1312 936
5769 1980 1217
5770 497 461
5771 343 1592
5772 236 180
5773 1216 1288
5774 328 161
5775 1255 1394
5776 1493 808
5777 215 1816
5778 1383 1048
5779 969 104
5780 130 1612
5781 556 511
5782 198 200
5783 1040 976
5784 1419 808
5785 320 1982
5786 267 1809
5787 827 402
5788 1500 386
5789 1789 320
5790 712 965
5791 1766 1644
5792 635 340
5793 645 731
5794 1905 1198
5795 1678 1721
5796 494 313
5797 917 1698
5798 412 440
5799 1260 992
5800 1525 181
5801 1752 1456
5802 1358 958
5803 1302 1222
5804 1981 57
5805 1349 1015
5806 525 1212
5807 280 1270
5808 1824 600
5809 900 1222
5810 1274 1007
5811 671 259
5812 184 1928
5813 1173 873
5814 634 1125
5815 82 1339
5816 439 238
5817 1729 707
5818 1744 1788
5819 921 691
5820 1060 463
5821 166 1872
5822 1861 887
5823 697 1209
5824 280 1626
5825 184 1710
5826 500 1541
5827 1167 1056
5828 1329 1522
5829 430 1685
5830 1385 1309
5831 1818 1523
5832 1665 1559
5833 923 550
5834 788 233
5835 432 1857
5836 1081 1188
5837 1422 174
5838 460 332
5839 1690 1790
5840 805 453
5841 1186 754
5842 686 471
5843 1522 1412
5844 1762 1282
5845 695 1032
5846 407 388
5847 336 1748
5848 478 283
5849 131 1415
5850 767 177
5851 1871 1472
5852 477 386
5853 185 1870
5854 304 348
5855 402 1422
5856 1537 313
5857 1400 1707
5858 1048 970
5859 1780 263
5860 1231 633
5861 1093 1179
5862 599 554
5863 1450 1340
5864 1022 308
5865 1619 31
5866 413 1165
5867 1589 1796
5868 1300 490
5869 785 571
5870 1685 280
5871 757 206
5872 778 341
5873 42 1881
5874 1170 1339
5875 1116 469
5876 519 199
5877 1225 1243
5878 1942 550
5879 424 1840
5880 1288 1391
5881 695 774
5882 1415 524
5883 404 323
5884 1771 91
5885 1418 1265
5886 800 1673
5887 1498 319
5888 1677 1067
5889 1802 1639
5890 1516 628
5891 1897 1708
5892 780 923
5893 454 23
5894 1721 1588
5895 1432 317
5896 261 1947
5897 78 1872
5898 614 1543
5899 1845 430
5900 151 1707
5901 514 900
5902 1219 937
5903 424 985
5904 204 1753
5905 929 899
5906 1581 1406
5907 1706 1869
5908 200 1942
5909 305 1579
5910 436 1421
5911 805 722
5912 901 1442
5913 1378 1124
5914 1806 571
5915 1385 168
5916 652 241
5917 1327 1391
5918 1727 254
5919 325 290
5920 1141 952
5921 1693 515
5922 1783 1115
5923 185 1786
5924 1763 546
5925 1643 1114
5926 506 1101
5927 210 1497
5928 1859 590
5929 1267 692
5930 1510 319
5931 602 1871
5932 1536 447
5933 1046 595
5934 1130 813
5935 831 392
5936 388 1555
5937 1291 733
5938 612 1118
5939 1624 1530
5940 1220 548
5941 655 328
5942 1666 1346
5943 764 1192
5944 1423 250
5945 633 1977
5946 1033 1170
5947 1798 195
5948 1625 241
5949 1653 438
5950 1377 1136
5951 1903 1282
5952 730 1151
5953 1746 1592
5954 1990 690
5955 1468 1297
5956 888 447
5957 1424 1247
5958 552 1457
5959 1726 685
5960 217 1565
5961 1099 640
5962 821 1427
5963 1724 1981
5964 315 228
5965 277 1912
5966 1045 608
5967 1885 1914
5968 1825 1068
5969 718 638
5970 1324 909
5971 1041 992
5972 1973 1360
5973 1735 643
5974 70 573
5975 807 263
5976 1467 723
5977 54 1948
5978 1183 851
5979 1333 203
5980 1563 758
5981 693 953
5982 1057 1234
5983 1850 1573
5984 1533 752
5985 550 1449
5986 1061 1280
5987 638 1010
5988 1113 874
5989 1947 366
5990 782 1429
5991 1282 1077
5992 1977 1525
5993 1958 800
5994 453 1803
5995 1483 1411
5996 241 32
5997 1212 1332
5998 776 1106
5999 1689 1627
6000 1469 1238
6001 742 138
6002 1352 764
6003 1070 1221
6004 941 1072
6005 591 1737
6006 505 391
6007 1436 1259
6008 579 524
6009 1921 241
6010 1538 990
6011 103 1779
6012 399 1926
6013 1687 832
6014 1746 356
6015 1420 649
6016 739 53
6017 1172 452
6018 1916 1727
6019 1821 1213
6020 1114 867
6021 371 460
6022 1441 473
6023 1240 893
6024 1164 1297
6025 943 1007
6026 1054 200
6027 1594 1152
6028 958 1399
6029 1856 1693
6030 148 271
6031 1451 974
6032 1225 349
6033 299 519
6034 1241 817
6035 1694 1356
6036 979 897
6037 178 193
6038 340 485
6039 1181 1171
6040 379 1428
6041 1610 1862
6042 789 1029
6043 1341 856
6044 1234 741
6045 304 1486
6046 49 1741
6047 1705 1059
6048 1172 714
6049 863 533
6050 484 85
6051 1697 568
6052 958 589
6053 1937 1193
6054 106 1665
6055 1162 744
6056 504 1325
6057 126 1777
6058 1910 866
6059 1066 161
6060 261 1741
6061 417 1370
6062 308 179
6063 1366 548
6064 1660 276
6065 198 1923
6066 440 788
6067 1585 562
6068 1394 1024
6069 322 1855
6070 1501 581
6071 985 748
6072 1788 303
6073 531 236
6074 359 1378
6075 714 603
6076 1444 745
6077 1901 1504
6078 1512 1694
6079 1277 1202
6080 1382 586
6081 827 4
6082 1173 218
6083 223 1646
6084 447 1231
6085 1631 139
6086 1456 231
6087 1848 1152
6088 467 452
6089 1459 1226
6090 942 754
6091 467 1742
6092 991 972
6093 337 201
6094 1807 768
6095 911 1025
6096 469 371
6097 1808 1229
6098 572 175
6099 514 98
6100 1213 51
6101 460 1205
6102 1788 1811
6103 1477 219
6104 1779 1639
6105 1694 1534
6106 760 299
6107 1187 1255
6108 1683 1472
6109 1367 527
6110 1641 1278
6111 1534 1171
6112 1668 284
6113 1569 185
6114 440 170
6115 1791 620
6116 914 1595
6117 907 1019
6118 819 977
6119 1634 1417
6120 985 839
6121 422 325
6122 731 449
6123 1118 810
6124 362 1008
6125 1226 1110
6126 428 414
6127 1126 757
6128 1681 408
6129 1782 504
6130 693 1146
6131 1432 1097
6132 431 1226
6133 538 1335
6134 1833 1242
6135 822 445
6136 336 1428
6137 1616 506
6138 988 1489
6139 1868 133
6140 1092 814
6141 1588 732
6142 1095 352
6143 1335 798
6144 1395 1118
6145 1201 1173
6146 1397 629
6147 546 104
6148 1607 1077
6149 421 314
6150 58 40
6151 406 1841
6152 902 286
6153 517 214
6154 455 401
6155 1440 903
6156 1781 1415
6157 1797 401
6158 995 1185
6159 1195 989
6160 451 1315
6161 1356 867
6162 34 1545
6163 1388 951
6164 1816 1270
6165 1608 457
6166 924 1233
6167 1969 1771
6168 1200 1073
6169 1470 891
6170 771 1597
6171 1650 83
6172 1403 412
6173 820 208
6174 1658 493
6175 946 1231
6176 875 1486
6177 395 1042
6178 992 1423
6179 236 1837
6180 1731 404
6181 806 1280
6182 295 1346
6183 1269 444
6184 662 419
6185 28 1934
6186 1070 998
6187 560 559
6188 841 745
6189 686 1059
6190 72 1758
6191 857 735
6192 1659 1141
6193 299 62
6194 1991 293
6195 108 1878
6196 1007 1288
6197 64 1665
6198 217 1504
6199 1354 1024
6200 1042 554
6201 357 1325
6202 486 1748
6203 1415 1071
6204 97 308
6205 1618 1455
6206 963 25
6207 1380 369
6208 793 191
6209 402 16
6210 1628 227
6211 1962 1813
6212 1189 998
6213 556 1474
6214 1483 1599
6215 1724 1024
6216 1879 754
6217 1108 794
6218 180 1883
6219 1263 1069
6220 1419 888
6221 1702 347
6222 1571 613
6223 288 239
6224 1502 1921
6225 1064 1167
6226 1177 968
6227 1513 773
6228 1714 1452
6229 1136 894
6230 1802 506
6231 1586 426
6232 1260 653
6233 1467 1015
6234 735 586
6235 1016 949
6236 662 1646
6237 1068 197
6238 535 1435
6239 386 1919
6240 1384 319
6241 113 1497
6242 1242 1294
6243 1979 1674
6244 1843 902
6245 1066 1138
6246 51 313
6247 131 1960
6248 113 1924
6249 496 1373
6250 402 405
6251 358 1477
6252 356 114
6253 1428 334
6254 1597 1523
6255 1920 1710
6256 1658 1411
